2023.09.17 19:15:31 INFO  Started: Metals version 1.0.0 in folders 'E:\Coding\Java\JavaFx\PassMan' for client Visual Studio Code 1.75.1.
Sep 17, 2023 7:15:32 PM org.flywaydb.core.internal.license.VersionPrinter printVersionOnly
INFO: Flyway Community Edition 9.20.1 by Redgate
Sep 17, 2023 7:15:32 PM org.flywaydb.core.internal.license.VersionPrinter printVersion
INFO: See release notes here: https://rd.gt/416ObMi
Sep 17, 2023 7:15:32 PM org.flywaydb.core.internal.license.VersionPrinter printVersion
INFO: 
Sep 17, 2023 7:15:33 PM org.flywaydb.core.internal.database.base.BaseDatabaseType createDatabase
INFO: Database: jdbc:h2:file:E:\Coding\Java\JavaFx\PassMan\.metals\metals (H2 2.1)
Sep 17, 2023 7:15:34 PM org.flywaydb.core.internal.schemahistory.JdbcTableSchemaHistory allAppliedMigrations
INFO: Schema history table "PUBLIC"."flyway_schema_history" does not exist yet
Sep 17, 2023 7:15:34 PM org.flywaydb.core.internal.command.DbValidate validate
INFO: Successfully validated 4 migrations (execution time 00:00.073s)
Sep 17, 2023 7:15:34 PM org.flywaydb.core.internal.schemahistory.JdbcTableSchemaHistory create
INFO: Creating Schema History table "PUBLIC"."flyway_schema_history" ...
Sep 17, 2023 7:15:34 PM org.flywaydb.core.internal.command.DbMigrate migrateGroup
INFO: Current version of schema "PUBLIC": << Empty Schema >>
Sep 17, 2023 7:15:34 PM org.flywaydb.core.internal.command.DbMigrate doMigrateGroup
INFO: Migrating schema "PUBLIC" to version "1 - Create tables"
Sep 17, 2023 7:15:34 PM org.flywaydb.core.internal.command.DbMigrate doMigrateGroup
INFO: Migrating schema "PUBLIC" to version "2 - Server discovery"
Sep 17, 2023 7:15:34 PM org.flywaydb.core.internal.command.DbMigrate doMigrateGroup
INFO: Migrating schema "PUBLIC" to version "3 - Jar symbols"
Sep 17, 2023 7:15:34 PM org.flywaydb.core.internal.command.DbMigrate doMigrateGroup
INFO: Migrating schema "PUBLIC" to version "4 - Fingerprints"
Sep 17, 2023 7:15:34 PM org.flywaydb.core.internal.command.DbMigrate logSummary
INFO: Successfully applied 4 migrations to schema "PUBLIC", now at version v4 (execution time 00:00.115s)
2023.09.17 19:15:35 INFO  time: initialize in 4.29s
2023.09.17 19:15:43 WARN  Build server is not auto-connectable.
2023.09.17 19:15:43 WARN  no build target for: E:\Coding\Java\JavaFx\PassMan\src\main\java\com\heshanthenura\passman\MainApplication.java
2023.09.17 19:15:43 WARN  no build target for: E:\Coding\Java\JavaFx\PassMan\src\main\java\com\heshanthenura\passman\Database\DBServices\LoginService.java
2023.09.17 19:15:43 WARN  no build target for: E:\Coding\Java\JavaFx\PassMan\src\main\java\com\heshanthenura\passman\Controllers\LoginController.java
/E:/Coding/Java/JavaFx/PassMan/src/main/java/com/heshanthenura/passman/MainApplication.java:3: error: package javafx.application does not exist
import javafx.application.Application;
                         ^
/E:/Coding/Java/JavaFx/PassMan/src/main/java/com/heshanthenura/passman/MainApplication.java:4: error: package javafx.fxml does not exist
import javafx.fxml.FXMLLoader;
                  ^
/E:/Coding/Java/JavaFx/PassMan/src/main/java/com/heshanthenura/passman/MainApplication.java:5: error: package javafx.scene does not exist
import javafx.scene.Scene;
                   ^
/E:/Coding/Java/JavaFx/PassMan/src/main/java/com/heshanthenura/passman/MainApplication.java:6: error: package javafx.stage does not exist
import javafx.stage.Stage;
                   ^
/E:/Coding/Java/JavaFx/PassMan/src/main/java/com/heshanthenura/passman/MainApplication.java:10: error: cannot find symbol
public class MainApplication extends Application {
                                     ^
  symbol: class Application
/E:/Coding/Java/JavaFx/PassMan/src/main/java/com/heshanthenura/passman/MainApplication.java:12: error: cannot find symbol
    public void start(Stage stage) throws IOException {
                      ^
  symbol:   class Stage
  location: class MainApplication
/E:/Coding/Java/JavaFx/PassMan/src/main/java/com/heshanthenura/passman/MainApplication.java:11: error: method does not override or implement a method from a supertype
    @Override
    ^
/E:/Coding/Java/JavaFx/PassMan/src/main/java/com/heshanthenura/passman/MainApplication.java:13: error: cannot find symbol
        FXMLLoader fxmlLoader = new FXMLLoader(MainApplication.class.getResource("login.fxml"));
        ^
  symbol:   class FXMLLoader
  location: class MainApplication
/E:/Coding/Java/JavaFx/PassMan/src/main/java/com/heshanthenura/passman/MainApplication.java:13: error: cannot find symbol
        FXMLLoader fxmlLoader = new FXMLLoader(MainApplication.class.getResource("login.fxml"));
                                    ^
  symbol:   class FXMLLoader
  location: class MainApplication
/E:/Coding/Java/JavaFx/PassMan/src/main/java/com/heshanthenura/passman/MainApplication.java:14: error: cannot find symbol
        Scene scene = new Scene(fxmlLoader.load(), 600, 400);
        ^
  symbol:   class Scene
  location: class MainApplication
/E:/Coding/Java/JavaFx/PassMan/src/main/java/com/heshanthenura/passman/MainApplication.java:14: error: cannot find symbol
        Scene scene = new Scene(fxmlLoader.load(), 600, 400);
                          ^
  symbol:   class Scene
  location: class MainApplication
/E:/Coding/Java/JavaFx/PassMan/src/main/java/com/heshanthenura/passman/MainApplication.java:20: error: cannot find symbol
        launch();
        ^
  symbol:   method launch()
  location: class MainApplication
2023.09.17 19:15:53 INFO  time: code lens generation in 10s
2023.09.17 19:31:54 INFO  running 'C:\Program Files\Java\jdk-17.0.1\bin\java.exe -Dfile.encoding=UTF-8 -Dmaven.multiModuleProjectDirectory=E:\Coding\Java\JavaFx\PassMan -Dmaven.home=C:\Users\hesha\AppData\Local\Temp\metals16626961373911376225 -cp C:\Users\hesha\AppData\Local\Temp\metals16626961373911376225\maven-wrapper.jar org.apache.maven.wrapper.MavenWrapperMain generate-sources ch.epfl.scala:bloop-maven-plugin:2.0.0:bloopInstall -DdownloadSources=true'
2023.09.17 19:32:02 INFO  [INFO] Scanning for projects...
2023.09.17 19:32:02 INFO  [INFO] 
2023.09.17 19:32:02 INFO  [INFO] ---------------------< com.heshanthenura:PassMan >----------------------
2023.09.17 19:32:02 INFO  [INFO] Building PassMan 1.0-SNAPSHOT
2023.09.17 19:32:02 INFO  [INFO] --------------------------------[ jar ]---------------------------------
2023.09.17 19:32:03 INFO  [INFO] 
2023.09.17 19:32:03 INFO  [INFO] --- bloop-maven-plugin:2.0.0:bloopInstall (default-cli) @ PassMan ---
2023.09.17 19:32:11 INFO  [INFO] Using empty launcher: no run setup for PassMan.
2023.09.17 19:32:11 INFO  [ERROR] org.scala-lang:scala([0-9]?)-library is missing from project dependencies
2023.09.17 19:32:11 INFO  [ERROR] org.scala-lang:scala([0-9]?)-library is missing from project dependencies
2023.09.17 19:32:11 INFO  [INFO] Resolving artifact: org.openjfx:javafx-graphics:jar:win:17.0.2:compile (sources = false)
2023.09.17 19:32:11 INFO  [INFO] SUCCESS: org.openjfx:javafx-graphics:jar:win:17.0.2:compile (sources = false)
2023.09.17 19:32:11 INFO  [INFO] Resolving artifact: org.openjfx:javafx-graphics:jar:win:17.0.2:compile (sources = true)
2023.09.17 19:32:14 INFO  Downloading from central: https://repo.maven.apache.org/maven2/org/openjfx/javafx-graphics/17.0.2/javafx-graphics-17.0.2-sources.jar
2023.09.17 19:32:16 INFO  Progress (1): 0/3.8 MB
2023.09.17 19:32:16 INFO  Progress (1): 0/3.8 MB
2023.09.17 19:32:16 INFO  Progress (1): 0.1/3.8 MB
2023.09.17 19:32:16 INFO  Progress (1): 0.1/3.8 MB
2023.09.17 19:32:16 INFO  Progress (1): 0.1/3.8 MB
2023.09.17 19:32:16 INFO  Progress (1): 0.1/3.8 MB
2023.09.17 19:32:16 INFO  Progress (1): 0.2/3.8 MB
2023.09.17 19:32:16 INFO  Progress (1): 0.2/3.8 MB
2023.09.17 19:32:16 INFO  Progress (1): 0.2/3.8 MB
2023.09.17 19:32:16 INFO  Progress (1): 0.2/3.8 MB
2023.09.17 19:32:16 INFO  Progress (1): 0.3/3.8 MB
2023.09.17 19:32:17 INFO  Progress (1): 0.3/3.8 MB
2023.09.17 19:32:17 INFO  Progress (1): 0.3/3.8 MB
2023.09.17 19:32:17 INFO  Progress (1): 0.3/3.8 MB
2023.09.17 19:32:17 INFO  Progress (1): 0.4/3.8 MB
2023.09.17 19:32:17 INFO  Progress (1): 0.4/3.8 MB
2023.09.17 19:32:17 INFO  Progress (1): 0.4/3.8 MB
2023.09.17 19:32:17 INFO  Progress (1): 0.4/3.8 MB
2023.09.17 19:32:17 INFO  Progress (1): 0.5/3.8 MB
2023.09.17 19:32:17 INFO  Progress (1): 0.5/3.8 MB
2023.09.17 19:32:18 INFO  Progress (1): 0.5/3.8 MB
2023.09.17 19:32:18 INFO  Progress (1): 0.5/3.8 MB
2023.09.17 19:32:18 INFO  Progress (1): 0.6/3.8 MB
2023.09.17 19:32:18 INFO  Progress (1): 0.6/3.8 MB
2023.09.17 19:32:18 INFO  Progress (1): 0.6/3.8 MB
2023.09.17 19:32:18 INFO  Progress (1): 0.6/3.8 MB
2023.09.17 19:32:18 INFO  Progress (1): 0.7/3.8 MB
2023.09.17 19:32:18 INFO  Progress (1): 0.7/3.8 MB
2023.09.17 19:32:18 INFO  Progress (1): 0.7/3.8 MB
2023.09.17 19:32:18 INFO  Progress (1): 0.7/3.8 MB
2023.09.17 19:32:18 INFO  Progress (1): 0.8/3.8 MB
2023.09.17 19:32:18 INFO  Progress (1): 0.8/3.8 MB
2023.09.17 19:32:19 INFO  Progress (1): 0.8/3.8 MB
2023.09.17 19:32:19 INFO  Progress (1): 0.8/3.8 MB
2023.09.17 19:32:19 INFO  Progress (1): 0.9/3.8 MB
2023.09.17 19:32:19 INFO  Progress (1): 0.9/3.8 MB
2023.09.17 19:32:19 INFO  Progress (1): 0.9/3.8 MB
2023.09.17 19:32:19 INFO  Progress (1): 0.9/3.8 MB
2023.09.17 19:32:19 INFO  Progress (1): 1.0/3.8 MB
2023.09.17 19:32:19 INFO  Progress (1): 1.0/3.8 MB
2023.09.17 19:32:19 INFO  Progress (1): 1.0/3.8 MB
2023.09.17 19:32:19 INFO  Progress (1): 1.0/3.8 MB
2023.09.17 19:32:19 INFO  Progress (1): 1.1/3.8 MB
2023.09.17 19:32:19 INFO  Progress (1): 1.1/3.8 MB
2023.09.17 19:32:19 INFO  Progress (1): 1.1/3.8 MB
2023.09.17 19:32:19 INFO  Progress (1): 1.1/3.8 MB
2023.09.17 19:32:20 INFO  Progress (1): 1.2/3.8 MB
2023.09.17 19:32:20 INFO  Progress (1): 1.2/3.8 MB
2023.09.17 19:32:20 INFO  Progress (1): 1.2/3.8 MB
2023.09.17 19:32:20 INFO  Progress (1): 1.2/3.8 MB
2023.09.17 19:32:20 INFO  Progress (1): 1.2/3.8 MB
2023.09.17 19:32:20 INFO  Progress (1): 1.3/3.8 MB
2023.09.17 19:32:20 INFO  Progress (1): 1.3/3.8 MB
2023.09.17 19:32:20 INFO  Progress (1): 1.3/3.8 MB
2023.09.17 19:32:20 INFO  Progress (1): 1.3/3.8 MB
2023.09.17 19:32:20 INFO  Progress (1): 1.4/3.8 MB
2023.09.17 19:32:20 INFO  Progress (1): 1.4/3.8 MB
2023.09.17 19:32:20 INFO  Progress (1): 1.4/3.8 MB
2023.09.17 19:32:20 INFO  Progress (1): 1.4/3.8 MB
2023.09.17 19:32:21 INFO  Progress (1): 1.5/3.8 MB
2023.09.17 19:32:21 INFO  Progress (1): 1.5/3.8 MB
2023.09.17 19:32:21 INFO  Progress (1): 1.5/3.8 MB
2023.09.17 19:32:21 INFO  Progress (1): 1.5/3.8 MB
2023.09.17 19:32:21 INFO  Progress (1): 1.6/3.8 MB
2023.09.17 19:32:21 INFO  Progress (1): 1.6/3.8 MB
2023.09.17 19:32:21 INFO  Progress (1): 1.6/3.8 MB
2023.09.17 19:32:21 INFO  Progress (1): 1.6/3.8 MB
2023.09.17 19:32:22 INFO  Progress (1): 1.7/3.8 MB
2023.09.17 19:32:22 INFO  Progress (1): 1.7/3.8 MB
2023.09.17 19:32:22 INFO  Progress (1): 1.7/3.8 MB
2023.09.17 19:32:22 INFO  Progress (1): 1.7/3.8 MB
2023.09.17 19:32:22 INFO  Progress (1): 1.8/3.8 MB
2023.09.17 19:32:22 INFO  Progress (1): 1.8/3.8 MB
2023.09.17 19:32:22 INFO  Progress (1): 1.8/3.8 MB
2023.09.17 19:32:22 INFO  Progress (1): 1.8/3.8 MB
2023.09.17 19:32:22 INFO  Progress (1): 1.9/3.8 MB
2023.09.17 19:32:22 INFO  Progress (1): 1.9/3.8 MB
2023.09.17 19:32:22 INFO  Progress (1): 1.9/3.8 MB
2023.09.17 19:32:22 INFO  Progress (1): 1.9/3.8 MB
2023.09.17 19:32:24 INFO  Progress (1): 2.0/3.8 MB
2023.09.17 19:32:24 INFO  Progress (1): 2.0/3.8 MB
2023.09.17 19:32:24 INFO  Progress (1): 2.0/3.8 MB
2023.09.17 19:32:24 INFO  Progress (1): 2.0/3.8 MB
2023.09.17 19:32:24 INFO  Progress (1): 2.1/3.8 MB
2023.09.17 19:32:24 INFO  Progress (1): 2.1/3.8 MB
2023.09.17 19:32:24 INFO  Progress (1): 2.1/3.8 MB
2023.09.17 19:32:24 INFO  Progress (1): 2.1/3.8 MB
2023.09.17 19:32:24 INFO  Progress (1): 2.2/3.8 MB
2023.09.17 19:32:24 INFO  Progress (1): 2.2/3.8 MB
2023.09.17 19:32:24 INFO  Progress (1): 2.2/3.8 MB
2023.09.17 19:32:24 INFO  Progress (1): 2.2/3.8 MB
2023.09.17 19:32:24 INFO  Progress (1): 2.2/3.8 MB
2023.09.17 19:32:26 INFO  Progress (1): 2.3/3.8 MB
2023.09.17 19:32:26 INFO  Progress (1): 2.3/3.8 MB
2023.09.17 19:32:26 INFO  Progress (1): 2.3/3.8 MB
2023.09.17 19:32:26 INFO  Progress (1): 2.3/3.8 MB
2023.09.17 19:32:26 INFO  Progress (1): 2.4/3.8 MB
2023.09.17 19:32:26 INFO  Progress (1): 2.4/3.8 MB
2023.09.17 19:32:26 INFO  Progress (1): 2.4/3.8 MB
2023.09.17 19:32:26 INFO  Progress (1): 2.4/3.8 MB
2023.09.17 19:32:26 INFO  Progress (1): 2.5/3.8 MB
2023.09.17 19:32:26 INFO  Progress (1): 2.5/3.8 MB
2023.09.17 19:32:26 INFO  Progress (1): 2.5/3.8 MB
2023.09.17 19:32:26 INFO  Progress (1): 2.5/3.8 MB
2023.09.17 19:32:26 INFO  Progress (1): 2.6/3.8 MB
2023.09.17 19:32:26 INFO  Progress (1): 2.6/3.8 MB
2023.09.17 19:32:26 INFO  Progress (1): 2.6/3.8 MB
2023.09.17 19:32:26 INFO  Progress (1): 2.6/3.8 MB
2023.09.17 19:32:26 INFO  Progress (1): 2.7/3.8 MB
2023.09.17 19:32:26 INFO  Progress (1): 2.7/3.8 MB
2023.09.17 19:32:26 INFO  Progress (1): 2.7/3.8 MB
2023.09.17 19:32:26 INFO  Progress (1): 2.7/3.8 MB
2023.09.17 19:32:26 INFO  Progress (1): 2.8/3.8 MB
2023.09.17 19:32:26 INFO  Progress (1): 2.8/3.8 MB
2023.09.17 19:32:26 INFO  Progress (1): 2.8/3.8 MB
2023.09.17 19:32:26 INFO  Progress (1): 2.8/3.8 MB
2023.09.17 19:32:26 INFO  Progress (1): 2.9/3.8 MB
2023.09.17 19:32:26 INFO  Progress (1): 2.9/3.8 MB
2023.09.17 19:32:26 INFO  Progress (1): 2.9/3.8 MB
2023.09.17 19:32:27 INFO  Progress (1): 2.9/3.8 MB
2023.09.17 19:32:27 INFO  Progress (1): 3.0/3.8 MB
2023.09.17 19:32:27 INFO  Progress (1): 3.0/3.8 MB
2023.09.17 19:32:27 INFO  Progress (1): 3.0/3.8 MB
2023.09.17 19:32:27 INFO  Progress (1): 3.0/3.8 MB
2023.09.17 19:32:27 INFO  Progress (1): 3.1/3.8 MB
2023.09.17 19:32:27 INFO  Progress (1): 3.1/3.8 MB
2023.09.17 19:32:27 INFO  Progress (1): 3.1/3.8 MB
2023.09.17 19:32:27 INFO  Progress (1): 3.1/3.8 MB
2023.09.17 19:32:28 INFO  Progress (1): 3.2/3.8 MB
2023.09.17 19:32:28 INFO  Progress (1): 3.2/3.8 MB
2023.09.17 19:32:28 INFO  Progress (1): 3.2/3.8 MB
2023.09.17 19:32:28 INFO  Progress (1): 3.2/3.8 MB
2023.09.17 19:32:28 INFO  Progress (1): 3.3/3.8 MB
2023.09.17 19:32:28 INFO  Progress (1): 3.3/3.8 MB
2023.09.17 19:32:28 INFO  Progress (1): 3.3/3.8 MB
2023.09.17 19:32:28 INFO  Progress (1): 3.3/3.8 MB
2023.09.17 19:32:28 INFO  Progress (1): 3.4/3.8 MB
2023.09.17 19:32:29 INFO  Progress (1): 3.4/3.8 MB
2023.09.17 19:32:29 INFO  Progress (1): 3.4/3.8 MB
2023.09.17 19:32:29 INFO  Progress (1): 3.4/3.8 MB
2023.09.17 19:32:29 INFO  Progress (1): 3.4/3.8 MB
2023.09.17 19:32:29 INFO  Progress (1): 3.5/3.8 MB
2023.09.17 19:32:29 INFO  Progress (1): 3.5/3.8 MB
2023.09.17 19:32:29 INFO  Progress (1): 3.5/3.8 MB
2023.09.17 19:32:29 INFO  Progress (1): 3.5/3.8 MB
2023.09.17 19:32:29 INFO  Progress (1): 3.6/3.8 MB
2023.09.17 19:32:29 INFO  Progress (1): 3.6/3.8 MB
2023.09.17 19:32:29 INFO  Progress (1): 3.6/3.8 MB
2023.09.17 19:32:29 INFO  Progress (1): 3.6/3.8 MB
2023.09.17 19:32:30 INFO  Progress (1): 3.7/3.8 MB
2023.09.17 19:32:30 INFO  Progress (1): 3.7/3.8 MB
2023.09.17 19:32:30 INFO  Progress (1): 3.7/3.8 MB
2023.09.17 19:32:30 INFO  Progress (1): 3.7/3.8 MB
2023.09.17 19:32:30 INFO  Progress (1): 3.8/3.8 MB
2023.09.17 19:32:30 INFO  Progress (1): 3.8/3.8 MB
2023.09.17 19:32:30 INFO  Progress (1): 3.8/3.8 MB
2023.09.17 19:32:30 INFO  Progress (1): 3.8 MB    
2023.09.17 19:32:32 INFO                      
2023.09.17 19:32:32 INFO  Downloaded from central: https://repo.maven.apache.org/maven2/org/openjfx/javafx-graphics/17.0.2/javafx-graphics-17.0.2-sources.jar (3.8 MB at 217 kB/s)
2023.09.17 19:32:32 INFO  [INFO] SUCCESS: org.openjfx:javafx-graphics:jar:win:17.0.2:compile (sources = true)
2023.09.17 19:32:32 INFO  [INFO] Resolving artifact: org.openjfx:javafx-fxml:jar:17.0.2:compile (sources = false)
2023.09.17 19:32:32 INFO  [INFO] SUCCESS: org.openjfx:javafx-fxml:jar:17.0.2:compile (sources = false)
2023.09.17 19:32:32 INFO  [INFO] Resolving artifact: org.openjfx:javafx-fxml:jar:17.0.2:compile (sources = true)
2023.09.17 19:32:32 INFO  Downloading from central: https://repo.maven.apache.org/maven2/org/openjfx/javafx-fxml/17.0.2/javafx-fxml-17.0.2-sources.jar
2023.09.17 19:32:32 INFO  Progress (1): 4.1/77 kB
2023.09.17 19:32:32 INFO  Progress (1): 8.2/77 kB
2023.09.17 19:32:32 INFO  Progress (1): 12/77 kB 
2023.09.17 19:32:32 INFO  Progress (1): 16/77 kB
2023.09.17 19:32:32 INFO  Progress (1): 20/77 kB
2023.09.17 19:32:32 INFO  Progress (1): 25/77 kB
2023.09.17 19:32:32 INFO  Progress (1): 29/77 kB
2023.09.17 19:32:32 INFO  Progress (1): 33/77 kB
2023.09.17 19:32:32 INFO  Progress (1): 37/77 kB
2023.09.17 19:32:32 INFO  Progress (1): 41/77 kB
2023.09.17 19:32:32 INFO  Progress (1): 45/77 kB
2023.09.17 19:32:32 INFO  Progress (1): 49/77 kB
2023.09.17 19:32:32 INFO  Progress (1): 53/77 kB
2023.09.17 19:32:32 INFO  Progress (1): 57/77 kB
2023.09.17 19:32:32 INFO  Progress (1): 61/77 kB
2023.09.17 19:32:32 INFO  Progress (1): 66/77 kB
2023.09.17 19:32:32 INFO  Progress (1): 70/77 kB
2023.09.17 19:32:32 INFO  Progress (1): 74/77 kB
2023.09.17 19:32:32 INFO  Progress (1): 77 kB   
2023.09.17 19:32:32 INFO                     
2023.09.17 19:32:32 INFO  Downloaded from central: https://repo.maven.apache.org/maven2/org/openjfx/javafx-fxml/17.0.2/javafx-fxml-17.0.2-sources.jar (77 kB at 211 kB/s)
2023.09.17 19:32:32 INFO  [INFO] SUCCESS: org.openjfx:javafx-fxml:jar:17.0.2:compile (sources = true)
2023.09.17 19:32:32 INFO  [INFO] Resolving artifact: com.h2database:h2:jar:2.1.214:compile (sources = false)
2023.09.17 19:32:32 INFO  [INFO] SUCCESS: com.h2database:h2:jar:2.1.214:compile (sources = false)
2023.09.17 19:32:32 INFO  [INFO] Resolving artifact: com.h2database:h2:jar:2.1.214:compile (sources = true)
2023.09.17 19:32:32 INFO  Downloading from central: https://repo.maven.apache.org/maven2/com/h2database/h2/2.1.214/h2-2.1.214-sources.jar
2023.09.17 19:32:32 INFO  Progress (1): 0/1.7 MB
2023.09.17 19:32:32 INFO  Progress (1): 0/1.7 MB
2023.09.17 19:32:32 INFO  Progress (1): 0/1.7 MB
2023.09.17 19:32:32 INFO  Progress (1): 0/1.7 MB
2023.09.17 19:32:33 INFO  Progress (1): 0/1.7 MB
2023.09.17 19:32:33 INFO  Progress (1): 0/1.7 MB
2023.09.17 19:32:33 INFO  Progress (1): 0.1/1.7 MB
2023.09.17 19:32:33 INFO  Progress (1): 0.1/1.7 MB
2023.09.17 19:32:33 INFO  Progress (1): 0.1/1.7 MB
2023.09.17 19:32:33 INFO  Progress (1): 0.1/1.7 MB
2023.09.17 19:32:33 INFO  Progress (1): 0.1/1.7 MB
2023.09.17 19:32:33 INFO  Progress (1): 0.1/1.7 MB
2023.09.17 19:32:33 INFO  Progress (1): 0.1/1.7 MB
2023.09.17 19:32:33 INFO  Progress (1): 0.1/1.7 MB
2023.09.17 19:32:33 INFO  Progress (1): 0.1/1.7 MB
2023.09.17 19:32:33 INFO  Progress (1): 0.1/1.7 MB
2023.09.17 19:32:33 INFO  Progress (1): 0.1/1.7 MB
2023.09.17 19:32:33 INFO  Progress (1): 0.1/1.7 MB
2023.09.17 19:32:33 INFO  Progress (1): 0.2/1.7 MB
2023.09.17 19:32:33 INFO  Progress (1): 0.2/1.7 MB
2023.09.17 19:32:33 INFO  Progress (1): 0.2/1.7 MB
2023.09.17 19:32:33 INFO  Progress (1): 0.2/1.7 MB
2023.09.17 19:32:33 INFO  Progress (1): 0.2/1.7 MB
2023.09.17 19:32:33 INFO  Progress (1): 0.2/1.7 MB
2023.09.17 19:32:33 INFO  Progress (1): 0.2/1.7 MB
2023.09.17 19:32:33 INFO  Progress (1): 0.2/1.7 MB
2023.09.17 19:32:33 INFO  Progress (1): 0.2/1.7 MB
2023.09.17 19:32:33 INFO  Progress (1): 0.2/1.7 MB
2023.09.17 19:32:33 INFO  Progress (1): 0.2/1.7 MB
2023.09.17 19:32:33 INFO  Progress (1): 0.2/1.7 MB
2023.09.17 19:32:33 INFO  Progress (1): 0.3/1.7 MB
2023.09.17 19:32:33 INFO  Progress (1): 0.3/1.7 MB
2023.09.17 19:32:33 INFO  Progress (1): 0.3/1.7 MB
2023.09.17 19:32:33 INFO  Progress (1): 0.3/1.7 MB
2023.09.17 19:32:33 INFO  Progress (1): 0.3/1.7 MB
2023.09.17 19:32:33 INFO  Progress (1): 0.3/1.7 MB
2023.09.17 19:32:33 INFO  Progress (1): 0.3/1.7 MB
2023.09.17 19:32:33 INFO  Progress (1): 0.3/1.7 MB
2023.09.17 19:32:33 INFO  Progress (1): 0.3/1.7 MB
2023.09.17 19:32:33 INFO  Progress (1): 0.3/1.7 MB
2023.09.17 19:32:33 INFO  Progress (1): 0.3/1.7 MB
2023.09.17 19:32:33 INFO  Progress (1): 0.3/1.7 MB
2023.09.17 19:32:33 INFO  Progress (1): 0.4/1.7 MB
2023.09.17 19:32:33 INFO  Progress (1): 0.4/1.7 MB
2023.09.17 19:32:33 INFO  Progress (1): 0.4/1.7 MB
2023.09.17 19:32:33 INFO  Progress (1): 0.4/1.7 MB
2023.09.17 19:32:33 INFO  Progress (1): 0.4/1.7 MB
2023.09.17 19:32:33 INFO  Progress (1): 0.4/1.7 MB
2023.09.17 19:32:33 INFO  Progress (1): 0.4/1.7 MB
2023.09.17 19:32:33 INFO  Progress (1): 0.4/1.7 MB
2023.09.17 19:32:34 INFO  Progress (1): 0.4/1.7 MB
2023.09.17 19:32:34 INFO  Progress (1): 0.4/1.7 MB
2023.09.17 19:32:34 INFO  Progress (1): 0.4/1.7 MB
2023.09.17 19:32:34 INFO  Progress (1): 0.4/1.7 MB
2023.09.17 19:32:34 INFO  Progress (1): 0.5/1.7 MB
2023.09.17 19:32:34 INFO  Progress (1): 0.5/1.7 MB
2023.09.17 19:32:34 INFO  Progress (1): 0.5/1.7 MB
2023.09.17 19:32:34 INFO  Progress (1): 0.5/1.7 MB
2023.09.17 19:32:34 INFO  Progress (1): 0.5/1.7 MB
2023.09.17 19:32:34 INFO  Progress (1): 0.5/1.7 MB
2023.09.17 19:32:34 INFO  Progress (1): 0.5/1.7 MB
2023.09.17 19:32:34 INFO  Progress (1): 0.5/1.7 MB
2023.09.17 19:32:34 INFO  Progress (1): 0.5/1.7 MB
2023.09.17 19:32:34 INFO  Progress (1): 0.5/1.7 MB
2023.09.17 19:32:34 INFO  Progress (1): 0.5/1.7 MB
2023.09.17 19:32:34 INFO  Progress (1): 0.5/1.7 MB
2023.09.17 19:32:34 INFO  Progress (1): 0.5/1.7 MB
2023.09.17 19:32:34 INFO  Progress (1): 0.6/1.7 MB
2023.09.17 19:32:34 INFO  Progress (1): 0.6/1.7 MB
2023.09.17 19:32:34 INFO  Progress (1): 0.6/1.7 MB
2023.09.17 19:32:34 INFO  Progress (1): 0.6/1.7 MB
2023.09.17 19:32:34 INFO  Progress (1): 0.6/1.7 MB
2023.09.17 19:32:34 INFO  Progress (1): 0.6/1.7 MB
2023.09.17 19:32:34 INFO  Progress (1): 0.6/1.7 MB
2023.09.17 19:32:34 INFO  Progress (1): 0.6/1.7 MB
2023.09.17 19:32:34 INFO  Progress (1): 0.6/1.7 MB
2023.09.17 19:32:34 INFO  Progress (1): 0.6/1.7 MB
2023.09.17 19:32:34 INFO  Progress (1): 0.6/1.7 MB
2023.09.17 19:32:34 INFO  Progress (1): 0.6/1.7 MB
2023.09.17 19:32:34 INFO  Progress (1): 0.7/1.7 MB
2023.09.17 19:32:34 INFO  Progress (1): 0.7/1.7 MB
2023.09.17 19:32:34 INFO  Progress (1): 0.7/1.7 MB
2023.09.17 19:32:34 INFO  Progress (1): 0.7/1.7 MB
2023.09.17 19:32:34 INFO  Progress (1): 0.7/1.7 MB
2023.09.17 19:32:34 INFO  Progress (1): 0.7/1.7 MB
2023.09.17 19:32:34 INFO  Progress (1): 0.7/1.7 MB
2023.09.17 19:32:34 INFO  Progress (1): 0.7/1.7 MB
2023.09.17 19:32:34 INFO  Progress (1): 0.7/1.7 MB
2023.09.17 19:32:34 INFO  Progress (1): 0.7/1.7 MB
2023.09.17 19:32:34 INFO  Progress (1): 0.7/1.7 MB
2023.09.17 19:32:34 INFO  Progress (1): 0.7/1.7 MB
2023.09.17 19:32:34 INFO  Progress (1): 0.8/1.7 MB
2023.09.17 19:32:34 INFO  Progress (1): 0.8/1.7 MB
2023.09.17 19:32:34 INFO  Progress (1): 0.8/1.7 MB
2023.09.17 19:32:34 INFO  Progress (1): 0.8/1.7 MB
2023.09.17 19:32:34 INFO  Progress (1): 0.8/1.7 MB
2023.09.17 19:32:34 INFO  Progress (1): 0.8/1.7 MB
2023.09.17 19:32:34 INFO  Progress (1): 0.8/1.7 MB
2023.09.17 19:32:34 INFO  Progress (1): 0.8/1.7 MB
2023.09.17 19:32:34 INFO  Progress (1): 0.8/1.7 MB
2023.09.17 19:32:34 INFO  Progress (1): 0.8/1.7 MB
2023.09.17 19:32:34 INFO  Progress (1): 0.8/1.7 MB
2023.09.17 19:32:34 INFO  Progress (1): 0.8/1.7 MB
2023.09.17 19:32:34 INFO  Progress (1): 0.9/1.7 MB
2023.09.17 19:32:35 INFO  Progress (1): 0.9/1.7 MB
2023.09.17 19:32:35 INFO  Progress (1): 0.9/1.7 MB
2023.09.17 19:32:35 INFO  Progress (1): 0.9/1.7 MB
2023.09.17 19:32:35 INFO  Progress (1): 0.9/1.7 MB
2023.09.17 19:32:35 INFO  Progress (1): 0.9/1.7 MB
2023.09.17 19:32:35 INFO  Progress (1): 0.9/1.7 MB
2023.09.17 19:32:35 INFO  Progress (1): 0.9/1.7 MB
2023.09.17 19:32:35 INFO  Progress (1): 0.9/1.7 MB
2023.09.17 19:32:35 INFO  Progress (1): 0.9/1.7 MB
2023.09.17 19:32:35 INFO  Progress (1): 0.9/1.7 MB
2023.09.17 19:32:37 INFO  Progress (1): 0.9/1.7 MB
2023.09.17 19:32:37 INFO  Progress (1): 1.0/1.7 MB
2023.09.17 19:32:37 INFO  Progress (1): 1.0/1.7 MB
2023.09.17 19:32:37 INFO  Progress (1): 1.0/1.7 MB
2023.09.17 19:32:37 INFO  Progress (1): 1.0/1.7 MB
2023.09.17 19:32:37 INFO  Progress (1): 1.0/1.7 MB
2023.09.17 19:32:37 INFO  Progress (1): 1.0/1.7 MB
2023.09.17 19:32:37 INFO  Progress (1): 1.0/1.7 MB
2023.09.17 19:32:37 INFO  Progress (1): 1.0/1.7 MB
2023.09.17 19:32:37 INFO  Progress (1): 1.0/1.7 MB
2023.09.17 19:32:37 INFO  Progress (1): 1.0/1.7 MB
2023.09.17 19:32:37 INFO  Progress (1): 1.0/1.7 MB
2023.09.17 19:32:37 INFO  Progress (1): 1.0/1.7 MB
2023.09.17 19:32:37 INFO  Progress (1): 1.0/1.7 MB
2023.09.17 19:32:37 INFO  Progress (1): 1.1/1.7 MB
2023.09.17 19:32:37 INFO  Progress (1): 1.1/1.7 MB
2023.09.17 19:32:37 INFO  Progress (1): 1.1/1.7 MB
2023.09.17 19:32:37 INFO  Progress (1): 1.1/1.7 MB
2023.09.17 19:32:37 INFO  Progress (1): 1.1/1.7 MB
2023.09.17 19:32:37 INFO  Progress (1): 1.1/1.7 MB
2023.09.17 19:32:37 INFO  Progress (1): 1.1/1.7 MB
2023.09.17 19:32:37 INFO  Progress (1): 1.1/1.7 MB
2023.09.17 19:32:37 INFO  Progress (1): 1.1/1.7 MB
2023.09.17 19:32:37 INFO  Progress (1): 1.1/1.7 MB
2023.09.17 19:32:37 INFO  Progress (1): 1.1/1.7 MB
2023.09.17 19:32:37 INFO  Progress (1): 1.1/1.7 MB
2023.09.17 19:32:37 INFO  Progress (1): 1.2/1.7 MB
2023.09.17 19:32:37 INFO  Progress (1): 1.2/1.7 MB
2023.09.17 19:32:37 INFO  Progress (1): 1.2/1.7 MB
2023.09.17 19:32:37 INFO  Progress (1): 1.2/1.7 MB
2023.09.17 19:32:37 INFO  Progress (1): 1.2/1.7 MB
2023.09.17 19:32:37 INFO  Progress (1): 1.2/1.7 MB
2023.09.17 19:32:37 INFO  Progress (1): 1.2/1.7 MB
2023.09.17 19:32:37 INFO  Progress (1): 1.2/1.7 MB
2023.09.17 19:32:37 INFO  Progress (1): 1.2/1.7 MB
2023.09.17 19:32:37 INFO  Progress (1): 1.2/1.7 MB
2023.09.17 19:32:37 INFO  Progress (1): 1.2/1.7 MB
2023.09.17 19:32:37 INFO  Progress (1): 1.3/1.7 MB
2023.09.17 19:32:37 INFO  Progress (1): 1.3/1.7 MB
2023.09.17 19:32:37 INFO  Progress (1): 1.3/1.7 MB
2023.09.17 19:32:37 INFO  Progress (1): 1.3/1.7 MB
2023.09.17 19:32:37 INFO  Progress (1): 1.3/1.7 MB
2023.09.17 19:32:37 INFO  Progress (1): 1.3/1.7 MB
2023.09.17 19:32:37 INFO  Progress (1): 1.3/1.7 MB
2023.09.17 19:32:37 INFO  Progress (1): 1.3/1.7 MB
2023.09.17 19:32:37 INFO  Progress (1): 1.3/1.7 MB
2023.09.17 19:32:37 INFO  Progress (1): 1.3/1.7 MB
2023.09.17 19:32:37 INFO  Progress (1): 1.3/1.7 MB
2023.09.17 19:32:37 INFO  Progress (1): 1.3/1.7 MB
2023.09.17 19:32:37 INFO  Progress (1): 1.3/1.7 MB
2023.09.17 19:32:37 INFO  Progress (1): 1.4/1.7 MB
2023.09.17 19:32:37 INFO  Progress (1): 1.4/1.7 MB
2023.09.17 19:32:37 INFO  Progress (1): 1.4/1.7 MB
2023.09.17 19:32:37 INFO  Progress (1): 1.4/1.7 MB
2023.09.17 19:32:37 INFO  Progress (1): 1.4/1.7 MB
2023.09.17 19:32:37 INFO  Progress (1): 1.4/1.7 MB
2023.09.17 19:32:37 INFO  Progress (1): 1.4/1.7 MB
2023.09.17 19:32:37 INFO  Progress (1): 1.4/1.7 MB
2023.09.17 19:32:37 INFO  Progress (1): 1.4/1.7 MB
2023.09.17 19:32:37 INFO  Progress (1): 1.4/1.7 MB
2023.09.17 19:32:37 INFO  Progress (1): 1.4/1.7 MB
2023.09.17 19:32:37 INFO  Progress (1): 1.4/1.7 MB
2023.09.17 19:32:37 INFO  Progress (1): 1.5/1.7 MB
2023.09.17 19:32:37 INFO  Progress (1): 1.5/1.7 MB
2023.09.17 19:32:37 INFO  Progress (1): 1.5/1.7 MB
2023.09.17 19:32:37 INFO  Progress (1): 1.5/1.7 MB
2023.09.17 19:32:37 INFO  Progress (1): 1.5/1.7 MB
2023.09.17 19:32:37 INFO  Progress (1): 1.5/1.7 MB
2023.09.17 19:32:37 INFO  Progress (1): 1.5/1.7 MB
2023.09.17 19:32:37 INFO  Progress (1): 1.5/1.7 MB
2023.09.17 19:32:37 INFO  Progress (1): 1.5/1.7 MB
2023.09.17 19:32:37 INFO  Progress (1): 1.5/1.7 MB
2023.09.17 19:32:37 INFO  Progress (1): 1.5/1.7 MB
2023.09.17 19:32:37 INFO  Progress (1): 1.5/1.7 MB
2023.09.17 19:32:37 INFO  Progress (1): 1.6/1.7 MB
2023.09.17 19:32:37 INFO  Progress (1): 1.6/1.7 MB
2023.09.17 19:32:37 INFO  Progress (1): 1.6/1.7 MB
2023.09.17 19:32:37 INFO  Progress (1): 1.6/1.7 MB
2023.09.17 19:32:37 INFO  Progress (1): 1.6/1.7 MB
2023.09.17 19:32:37 INFO  Progress (1): 1.6/1.7 MB
2023.09.17 19:32:37 INFO  Progress (1): 1.6/1.7 MB
2023.09.17 19:32:37 INFO  Progress (1): 1.6/1.7 MB
2023.09.17 19:32:37 INFO  Progress (1): 1.6/1.7 MB
2023.09.17 19:32:37 INFO  Progress (1): 1.6/1.7 MB
2023.09.17 19:32:37 INFO  Progress (1): 1.6/1.7 MB
2023.09.17 19:32:37 INFO  Progress (1): 1.6/1.7 MB
2023.09.17 19:32:37 INFO  Progress (1): 1.7/1.7 MB
2023.09.17 19:32:37 INFO  Progress (1): 1.7/1.7 MB
2023.09.17 19:32:37 INFO  Progress (1): 1.7/1.7 MB
2023.09.17 19:32:37 INFO  Progress (1): 1.7/1.7 MB
2023.09.17 19:32:37 INFO  Progress (1): 1.7/1.7 MB
2023.09.17 19:32:37 INFO  Progress (1): 1.7/1.7 MB
2023.09.17 19:32:37 INFO  Progress (1): 1.7/1.7 MB
2023.09.17 19:32:37 INFO  Progress (1): 1.7 MB    
2023.09.17 19:32:37 INFO                      
2023.09.17 19:32:37 INFO  Downloaded from central: https://repo.maven.apache.org/maven2/com/h2database/h2/2.1.214/h2-2.1.214-sources.jar (1.7 MB at 299 kB/s)
2023.09.17 19:32:37 INFO  [INFO] SUCCESS: com.h2database:h2:jar:2.1.214:compile (sources = true)
2023.09.17 19:32:37 INFO  [INFO] Resolving artifact: org.junit.platform:junit-platform-commons:jar:1.9.1:test (sources = false)
2023.09.17 19:32:37 INFO  [INFO] SUCCESS: org.junit.platform:junit-platform-commons:jar:1.9.1:test (sources = false)
2023.09.17 19:32:37 INFO  [INFO] Resolving artifact: org.junit.platform:junit-platform-commons:jar:1.9.1:test (sources = true)
2023.09.17 19:32:37 INFO  Downloading from central: https://repo.maven.apache.org/maven2/org/junit/platform/junit-platform-commons/1.9.1/junit-platform-commons-1.9.1-sources.jar
2023.09.17 19:32:37 INFO  Progress (1): 4.1/76 kB
2023.09.17 19:32:37 INFO  Progress (1): 8.2/76 kB
2023.09.17 19:32:37 INFO  Progress (1): 12/76 kB 
2023.09.17 19:32:37 INFO  Progress (1): 16/76 kB
2023.09.17 19:32:37 INFO  Progress (1): 20/76 kB
2023.09.17 19:32:37 INFO  Progress (1): 24/76 kB
2023.09.17 19:32:37 INFO  Progress (1): 28/76 kB
2023.09.17 19:32:37 INFO  Progress (1): 32/76 kB
2023.09.17 19:32:37 INFO  Progress (1): 36/76 kB
2023.09.17 19:32:37 INFO  Progress (1): 40/76 kB
2023.09.17 19:32:37 INFO  Progress (1): 44/76 kB
2023.09.17 19:32:37 INFO  Progress (1): 49/76 kB
2023.09.17 19:32:37 INFO  Progress (1): 53/76 kB
2023.09.17 19:32:37 INFO  Progress (1): 57/76 kB
2023.09.17 19:32:37 INFO  Progress (1): 61/76 kB
2023.09.17 19:32:37 INFO  Progress (1): 65/76 kB
2023.09.17 19:32:37 INFO  Progress (1): 69/76 kB
2023.09.17 19:32:37 INFO  Progress (1): 73/76 kB
2023.09.17 19:32:37 INFO  Progress (1): 76 kB   
2023.09.17 19:32:38 INFO                     
2023.09.17 19:32:38 INFO  Downloaded from central: https://repo.maven.apache.org/maven2/org/junit/platform/junit-platform-commons/1.9.1/junit-platform-commons-1.9.1-sources.jar (76 kB at 190 kB/s)
2023.09.17 19:32:38 INFO  [INFO] SUCCESS: org.junit.platform:junit-platform-commons:jar:1.9.1:test (sources = true)
2023.09.17 19:32:38 INFO  [INFO] Resolving artifact: org.junit.platform:junit-platform-engine:jar:1.9.1:test (sources = false)
2023.09.17 19:32:38 INFO  [INFO] SUCCESS: org.junit.platform:junit-platform-engine:jar:1.9.1:test (sources = false)
2023.09.17 19:32:38 INFO  [INFO] Resolving artifact: org.junit.platform:junit-platform-engine:jar:1.9.1:test (sources = true)
2023.09.17 19:32:38 INFO  Downloading from central: https://repo.maven.apache.org/maven2/org/junit/platform/junit-platform-engine/1.9.1/junit-platform-engine-1.9.1-sources.jar
2023.09.17 19:32:38 INFO  Progress (1): 4.1/135 kB
2023.09.17 19:32:38 INFO  Progress (1): 8.2/135 kB
2023.09.17 19:32:38 INFO  Progress (1): 12/135 kB 
2023.09.17 19:32:38 INFO  Progress (1): 16/135 kB
2023.09.17 19:32:38 INFO  Progress (1): 20/135 kB
2023.09.17 19:32:38 INFO  Progress (1): 24/135 kB
2023.09.17 19:32:38 INFO  Progress (1): 28/135 kB
2023.09.17 19:32:38 INFO  Progress (1): 32/135 kB
2023.09.17 19:32:38 INFO  Progress (1): 36/135 kB
2023.09.17 19:32:38 INFO  Progress (1): 40/135 kB
2023.09.17 19:32:38 INFO  Progress (1): 44/135 kB
2023.09.17 19:32:38 INFO  Progress (1): 49/135 kB
2023.09.17 19:32:38 INFO  Progress (1): 53/135 kB
2023.09.17 19:32:38 INFO  Progress (1): 57/135 kB
2023.09.17 19:32:38 INFO  Progress (1): 61/135 kB
2023.09.17 19:32:38 INFO  Progress (1): 65/135 kB
2023.09.17 19:32:38 INFO  Progress (1): 69/135 kB
2023.09.17 19:32:38 INFO  Progress (1): 73/135 kB
2023.09.17 19:32:38 INFO  Progress (1): 77/135 kB
2023.09.17 19:32:38 INFO  Progress (1): 81/135 kB
2023.09.17 19:32:38 INFO  Progress (1): 85/135 kB
2023.09.17 19:32:38 INFO  Progress (1): 90/135 kB
2023.09.17 19:32:38 INFO  Progress (1): 94/135 kB
2023.09.17 19:32:38 INFO  Progress (1): 98/135 kB
2023.09.17 19:32:38 INFO  Progress (1): 102/135 kB
2023.09.17 19:32:38 INFO  Progress (1): 106/135 kB
2023.09.17 19:32:38 INFO  Progress (1): 110/135 kB
2023.09.17 19:32:38 INFO  Progress (1): 114/135 kB
2023.09.17 19:32:38 INFO  Progress (1): 118/135 kB
2023.09.17 19:32:38 INFO  Progress (1): 122/135 kB
2023.09.17 19:32:38 INFO  Progress (1): 126/135 kB
2023.09.17 19:32:38 INFO  Progress (1): 131/135 kB
2023.09.17 19:32:38 INFO  Progress (1): 135/135 kB
2023.09.17 19:32:38 INFO  Progress (1): 135 kB    
2023.09.17 19:32:38 INFO                      
2023.09.17 19:32:38 INFO  Downloaded from central: https://repo.maven.apache.org/maven2/org/junit/platform/junit-platform-engine/1.9.1/junit-platform-engine-1.9.1-sources.jar (135 kB at 335 kB/s)
2023.09.17 19:32:38 INFO  [INFO] SUCCESS: org.junit.platform:junit-platform-engine:jar:1.9.1:test (sources = true)
2023.09.17 19:32:38 INFO  [INFO] Resolving artifact: org.apiguardian:apiguardian-api:jar:1.1.2:test (sources = false)
2023.09.17 19:32:38 INFO  [INFO] SUCCESS: org.apiguardian:apiguardian-api:jar:1.1.2:test (sources = false)
2023.09.17 19:32:38 INFO  [INFO] Resolving artifact: org.apiguardian:apiguardian-api:jar:1.1.2:test (sources = true)
2023.09.17 19:32:38 INFO  [INFO] SUCCESS: org.apiguardian:apiguardian-api:jar:1.1.2:test (sources = true)
2023.09.17 19:32:38 INFO  [INFO] Resolving artifact: org.openjfx:javafx-controls:jar:17.0.2:compile (sources = false)
2023.09.17 19:32:38 INFO  [INFO] SUCCESS: org.openjfx:javafx-controls:jar:17.0.2:compile (sources = false)
2023.09.17 19:32:38 INFO  [INFO] Resolving artifact: org.openjfx:javafx-controls:jar:17.0.2:compile (sources = true)
2023.09.17 19:32:38 INFO  Downloading from central: https://repo.maven.apache.org/maven2/org/openjfx/javafx-controls/17.0.2/javafx-controls-17.0.2-sources.jar
2023.09.17 19:32:38 INFO  Progress (1): 0/1.3 MB
2023.09.17 19:32:38 INFO  Progress (1): 0/1.3 MB
2023.09.17 19:32:38 INFO  Progress (1): 0/1.3 MB
2023.09.17 19:32:38 INFO  Progress (1): 0/1.3 MB
2023.09.17 19:32:38 INFO  Progress (1): 0/1.3 MB
2023.09.17 19:32:38 INFO  Progress (1): 0/1.3 MB
2023.09.17 19:32:38 INFO  Progress (1): 0.1/1.3 MB
2023.09.17 19:32:38 INFO  Progress (1): 0.1/1.3 MB
2023.09.17 19:32:38 INFO  Progress (1): 0.1/1.3 MB
2023.09.17 19:32:38 INFO  Progress (1): 0.1/1.3 MB
2023.09.17 19:32:39 INFO  Progress (1): 0.1/1.3 MB
2023.09.17 19:32:39 INFO  Progress (1): 0.1/1.3 MB
2023.09.17 19:32:39 INFO  Progress (1): 0.1/1.3 MB
2023.09.17 19:32:39 INFO  Progress (1): 0.1/1.3 MB
2023.09.17 19:32:39 INFO  Progress (1): 0.1/1.3 MB
2023.09.17 19:32:39 INFO  Progress (1): 0.1/1.3 MB
2023.09.17 19:32:39 INFO  Progress (1): 0.1/1.3 MB
2023.09.17 19:32:39 INFO  Progress (1): 0.1/1.3 MB
2023.09.17 19:32:39 INFO  Progress (1): 0.2/1.3 MB
2023.09.17 19:32:39 INFO  Progress (1): 0.2/1.3 MB
2023.09.17 19:32:39 INFO  Progress (1): 0.2/1.3 MB
2023.09.17 19:32:39 INFO  Progress (1): 0.2/1.3 MB
2023.09.17 19:32:39 INFO  Progress (1): 0.2/1.3 MB
2023.09.17 19:32:39 INFO  Progress (1): 0.2/1.3 MB
2023.09.17 19:32:39 INFO  Progress (1): 0.2/1.3 MB
2023.09.17 19:32:39 INFO  Progress (1): 0.2/1.3 MB
2023.09.17 19:32:39 INFO  Progress (1): 0.2/1.3 MB
2023.09.17 19:32:39 INFO  Progress (1): 0.2/1.3 MB
2023.09.17 19:32:39 INFO  Progress (1): 0.2/1.3 MB
2023.09.17 19:32:39 INFO  Progress (1): 0.2/1.3 MB
2023.09.17 19:32:39 INFO  Progress (1): 0.3/1.3 MB
2023.09.17 19:32:39 INFO  Progress (1): 0.3/1.3 MB
2023.09.17 19:32:39 INFO  Progress (1): 0.3/1.3 MB
2023.09.17 19:32:39 INFO  Progress (1): 0.3/1.3 MB
2023.09.17 19:32:39 INFO  Progress (1): 0.3/1.3 MB
2023.09.17 19:32:39 INFO  Progress (1): 0.3/1.3 MB
2023.09.17 19:32:39 INFO  Progress (1): 0.3/1.3 MB
2023.09.17 19:32:39 INFO  Progress (1): 0.3/1.3 MB
2023.09.17 19:32:39 INFO  Progress (1): 0.3/1.3 MB
2023.09.17 19:32:39 INFO  Progress (1): 0.3/1.3 MB
2023.09.17 19:32:39 INFO  Progress (1): 0.3/1.3 MB
2023.09.17 19:32:39 INFO  Progress (1): 0.3/1.3 MB
2023.09.17 19:32:39 INFO  Progress (1): 0.4/1.3 MB
2023.09.17 19:32:39 INFO  Progress (1): 0.4/1.3 MB
2023.09.17 19:32:39 INFO  Progress (1): 0.4/1.3 MB
2023.09.17 19:32:40 INFO  Progress (1): 0.4/1.3 MB
2023.09.17 19:32:40 INFO  Progress (1): 0.4/1.3 MB
2023.09.17 19:32:40 INFO  Progress (1): 0.4/1.3 MB
2023.09.17 19:32:40 INFO  Progress (1): 0.4/1.3 MB
2023.09.17 19:32:40 INFO  Progress (1): 0.4/1.3 MB
2023.09.17 19:32:40 INFO  Progress (1): 0.4/1.3 MB
2023.09.17 19:32:40 INFO  Progress (1): 0.4/1.3 MB
2023.09.17 19:32:40 INFO  Progress (1): 0.4/1.3 MB
2023.09.17 19:32:40 INFO  Progress (1): 0.4/1.3 MB
2023.09.17 19:32:40 INFO  Progress (1): 0.5/1.3 MB
2023.09.17 19:32:40 INFO  Progress (1): 0.5/1.3 MB
2023.09.17 19:32:40 INFO  Progress (1): 0.5/1.3 MB
2023.09.17 19:32:40 INFO  Progress (1): 0.5/1.3 MB
2023.09.17 19:32:40 INFO  Progress (1): 0.5/1.3 MB
2023.09.17 19:32:40 INFO  Progress (1): 0.5/1.3 MB
2023.09.17 19:32:40 INFO  Progress (1): 0.5/1.3 MB
2023.09.17 19:32:40 INFO  Progress (1): 0.5/1.3 MB
2023.09.17 19:32:40 INFO  Progress (1): 0.5/1.3 MB
2023.09.17 19:32:40 INFO  Progress (1): 0.5/1.3 MB
2023.09.17 19:32:40 INFO  Progress (1): 0.5/1.3 MB
2023.09.17 19:32:40 INFO  Progress (1): 0.5/1.3 MB
2023.09.17 19:32:40 INFO  Progress (1): 0.6/1.3 MB
2023.09.17 19:32:40 INFO  Progress (1): 0.6/1.3 MB
2023.09.17 19:32:40 INFO  Progress (1): 0.6/1.3 MB
2023.09.17 19:32:40 INFO  Progress (1): 0.6/1.3 MB
2023.09.17 19:32:40 INFO  Progress (1): 0.6/1.3 MB
2023.09.17 19:32:40 INFO  Progress (1): 0.6/1.3 MB
2023.09.17 19:32:40 INFO  Progress (1): 0.6/1.3 MB
2023.09.17 19:32:40 INFO  Progress (1): 0.6/1.3 MB
2023.09.17 19:32:40 INFO  Progress (1): 0.6/1.3 MB
2023.09.17 19:32:40 INFO  Progress (1): 0.6/1.3 MB
2023.09.17 19:32:40 INFO  Progress (1): 0.6/1.3 MB
2023.09.17 19:32:40 INFO  Progress (1): 0.6/1.3 MB
2023.09.17 19:32:40 INFO  Progress (1): 0.6/1.3 MB
2023.09.17 19:32:40 INFO  Progress (1): 0.7/1.3 MB
2023.09.17 19:32:40 INFO  Progress (1): 0.7/1.3 MB
2023.09.17 19:32:40 INFO  Progress (1): 0.7/1.3 MB
2023.09.17 19:32:40 INFO  Progress (1): 0.7/1.3 MB
2023.09.17 19:32:40 INFO  Progress (1): 0.7/1.3 MB
2023.09.17 19:32:40 INFO  Progress (1): 0.7/1.3 MB
2023.09.17 19:32:40 INFO  Progress (1): 0.7/1.3 MB
2023.09.17 19:32:40 INFO  Progress (1): 0.7/1.3 MB
2023.09.17 19:32:40 INFO  Progress (1): 0.7/1.3 MB
2023.09.17 19:32:40 INFO  Progress (1): 0.7/1.3 MB
2023.09.17 19:32:41 INFO  Progress (1): 0.7/1.3 MB
2023.09.17 19:32:41 INFO  Progress (1): 0.7/1.3 MB
2023.09.17 19:32:41 INFO  Progress (1): 0.8/1.3 MB
2023.09.17 19:32:41 INFO  Progress (1): 0.8/1.3 MB
2023.09.17 19:32:41 INFO  Progress (1): 0.8/1.3 MB
2023.09.17 19:32:41 INFO  Progress (1): 0.8/1.3 MB
2023.09.17 19:32:41 INFO  Progress (1): 0.8/1.3 MB
2023.09.17 19:32:41 INFO  Progress (1): 0.8/1.3 MB
2023.09.17 19:32:41 INFO  Progress (1): 0.8/1.3 MB
2023.09.17 19:32:41 INFO  Progress (1): 0.8/1.3 MB
2023.09.17 19:32:41 INFO  Progress (1): 0.8/1.3 MB
2023.09.17 19:32:41 INFO  Progress (1): 0.8/1.3 MB
2023.09.17 19:32:42 INFO  Progress (1): 0.8/1.3 MB
2023.09.17 19:32:42 INFO  Progress (1): 0.8/1.3 MB
2023.09.17 19:32:42 INFO  Progress (1): 0.9/1.3 MB
2023.09.17 19:32:42 INFO  Progress (1): 0.9/1.3 MB
2023.09.17 19:32:42 INFO  Progress (1): 0.9/1.3 MB
2023.09.17 19:32:42 INFO  Progress (1): 0.9/1.3 MB
2023.09.17 19:32:42 INFO  Progress (1): 0.9/1.3 MB
2023.09.17 19:32:42 INFO  Progress (1): 0.9/1.3 MB
2023.09.17 19:32:42 INFO  Progress (1): 0.9/1.3 MB
2023.09.17 19:32:42 INFO  Progress (1): 0.9/1.3 MB
2023.09.17 19:32:42 INFO  Progress (1): 0.9/1.3 MB
2023.09.17 19:32:42 INFO  Progress (1): 0.9/1.3 MB
2023.09.17 19:32:42 INFO  Progress (1): 0.9/1.3 MB
2023.09.17 19:32:42 INFO  Progress (1): 0.9/1.3 MB
2023.09.17 19:32:42 INFO  Progress (1): 1.0/1.3 MB
2023.09.17 19:32:42 INFO  Progress (1): 1.0/1.3 MB
2023.09.17 19:32:42 INFO  Progress (1): 1.0/1.3 MB
2023.09.17 19:32:42 INFO  Progress (1): 1.0/1.3 MB
2023.09.17 19:32:42 INFO  Progress (1): 1.0/1.3 MB
2023.09.17 19:32:42 INFO  Progress (1): 1.0/1.3 MB
2023.09.17 19:32:42 INFO  Progress (1): 1.0/1.3 MB
2023.09.17 19:32:42 INFO  Progress (1): 1.0/1.3 MB
2023.09.17 19:32:42 INFO  Progress (1): 1.0/1.3 MB
2023.09.17 19:32:42 INFO  Progress (1): 1.0/1.3 MB
2023.09.17 19:32:42 INFO  Progress (1): 1.0/1.3 MB
2023.09.17 19:32:42 INFO  Progress (1): 1.0/1.3 MB
2023.09.17 19:32:42 INFO  Progress (1): 1.1/1.3 MB
2023.09.17 19:32:42 INFO  Progress (1): 1.1/1.3 MB
2023.09.17 19:32:42 INFO  Progress (1): 1.1/1.3 MB
2023.09.17 19:32:42 INFO  Progress (1): 1.1/1.3 MB
2023.09.17 19:32:42 INFO  Progress (1): 1.1/1.3 MB
2023.09.17 19:32:42 INFO  Progress (1): 1.1/1.3 MB
2023.09.17 19:32:42 INFO  Progress (1): 1.1/1.3 MB
2023.09.17 19:32:42 INFO  Progress (1): 1.1/1.3 MB
2023.09.17 19:32:42 INFO  Progress (1): 1.1/1.3 MB
2023.09.17 19:32:42 INFO  Progress (1): 1.1/1.3 MB
2023.09.17 19:32:42 INFO  Progress (1): 1.1/1.3 MB
2023.09.17 19:32:42 INFO  Progress (1): 1.1/1.3 MB
2023.09.17 19:32:42 INFO  Progress (1): 1.1/1.3 MB
2023.09.17 19:32:42 INFO  Progress (1): 1.2/1.3 MB
2023.09.17 19:32:42 INFO  Progress (1): 1.2/1.3 MB
2023.09.17 19:32:42 INFO  Progress (1): 1.2/1.3 MB
2023.09.17 19:32:42 INFO  Progress (1): 1.2/1.3 MB
2023.09.17 19:32:42 INFO  Progress (1): 1.2/1.3 MB
2023.09.17 19:32:42 INFO  Progress (1): 1.2/1.3 MB
2023.09.17 19:32:42 INFO  Progress (1): 1.2/1.3 MB
2023.09.17 19:32:42 INFO  Progress (1): 1.2/1.3 MB
2023.09.17 19:32:42 INFO  Progress (1): 1.2/1.3 MB
2023.09.17 19:32:42 INFO  Progress (1): 1.2/1.3 MB
2023.09.17 19:32:42 INFO  Progress (1): 1.2/1.3 MB
2023.09.17 19:32:42 INFO  Progress (1): 1.2/1.3 MB
2023.09.17 19:32:42 INFO  Progress (1): 1.3 MB    
2023.09.17 19:32:42 INFO                      
2023.09.17 19:32:42 INFO  Downloaded from central: https://repo.maven.apache.org/maven2/org/openjfx/javafx-controls/17.0.2/javafx-controls-17.0.2-sources.jar (1.3 MB at 279 kB/s)
2023.09.17 19:32:42 INFO  [INFO] SUCCESS: org.openjfx:javafx-controls:jar:17.0.2:compile (sources = true)
2023.09.17 19:32:42 INFO  [INFO] Resolving artifact: org.openjfx:javafx-controls:jar:win:17.0.2:compile (sources = false)
2023.09.17 19:32:42 INFO  [INFO] SUCCESS: org.openjfx:javafx-controls:jar:win:17.0.2:compile (sources = false)
2023.09.17 19:32:42 INFO  [INFO] Resolving artifact: org.openjfx:javafx-controls:jar:win:17.0.2:compile (sources = true)
2023.09.17 19:32:42 INFO  [INFO] SUCCESS: org.openjfx:javafx-controls:jar:win:17.0.2:compile (sources = true)
2023.09.17 19:32:42 INFO  [INFO] Resolving artifact: org.openjfx:javafx-base:jar:win:17.0.2:compile (sources = false)
2023.09.17 19:32:42 INFO  [INFO] SUCCESS: org.openjfx:javafx-base:jar:win:17.0.2:compile (sources = false)
2023.09.17 19:32:42 INFO  [INFO] Resolving artifact: org.openjfx:javafx-base:jar:win:17.0.2:compile (sources = true)
2023.09.17 19:32:42 INFO  Downloading from central: https://repo.maven.apache.org/maven2/org/openjfx/javafx-base/17.0.2/javafx-base-17.0.2-sources.jar
2023.09.17 19:32:42 INFO  Progress (1): 4.1/574 kB
2023.09.17 19:32:42 INFO  Progress (1): 8.2/574 kB
2023.09.17 19:32:42 INFO  Progress (1): 12/574 kB 
2023.09.17 19:32:42 INFO  Progress (1): 16/574 kB
2023.09.17 19:32:42 INFO  Progress (1): 20/574 kB
2023.09.17 19:32:42 INFO  Progress (1): 24/574 kB
2023.09.17 19:32:42 INFO  Progress (1): 28/574 kB
2023.09.17 19:32:42 INFO  Progress (1): 32/574 kB
2023.09.17 19:32:42 INFO  Progress (1): 36/574 kB
2023.09.17 19:32:42 INFO  Progress (1): 40/574 kB
2023.09.17 19:32:42 INFO  Progress (1): 44/574 kB
2023.09.17 19:32:42 INFO  Progress (1): 49/574 kB
2023.09.17 19:32:42 INFO  Progress (1): 53/574 kB
2023.09.17 19:32:42 INFO  Progress (1): 57/574 kB
2023.09.17 19:32:42 INFO  Progress (1): 61/574 kB
2023.09.17 19:32:42 INFO  Progress (1): 65/574 kB
2023.09.17 19:32:42 INFO  Progress (1): 69/574 kB
2023.09.17 19:32:42 INFO  Progress (1): 73/574 kB
2023.09.17 19:32:42 INFO  Progress (1): 77/574 kB
2023.09.17 19:32:42 INFO  Progress (1): 81/574 kB
2023.09.17 19:32:43 INFO  Progress (1): 85/574 kB
2023.09.17 19:32:43 INFO  Progress (1): 90/574 kB
2023.09.17 19:32:43 INFO  Progress (1): 94/574 kB
2023.09.17 19:32:43 INFO  Progress (1): 98/574 kB
2023.09.17 19:32:43 INFO  Progress (1): 102/574 kB
2023.09.17 19:32:43 INFO  Progress (1): 106/574 kB
2023.09.17 19:32:43 INFO  Progress (1): 110/574 kB
2023.09.17 19:32:43 INFO  Progress (1): 114/574 kB
2023.09.17 19:32:43 INFO  Progress (1): 118/574 kB
2023.09.17 19:32:43 INFO  Progress (1): 122/574 kB
2023.09.17 19:32:43 INFO  Progress (1): 126/574 kB
2023.09.17 19:32:43 INFO  Progress (1): 131/574 kB
2023.09.17 19:32:43 INFO  Progress (1): 135/574 kB
2023.09.17 19:32:43 INFO  Progress (1): 139/574 kB
2023.09.17 19:32:43 INFO  Progress (1): 143/574 kB
2023.09.17 19:32:43 INFO  Progress (1): 147/574 kB
2023.09.17 19:32:43 INFO  Progress (1): 151/574 kB
2023.09.17 19:32:43 INFO  Progress (1): 155/574 kB
2023.09.17 19:32:43 INFO  Progress (1): 159/574 kB
2023.09.17 19:32:43 INFO  Progress (1): 163/574 kB
2023.09.17 19:32:43 INFO  Progress (1): 167/574 kB
2023.09.17 19:32:43 INFO  Progress (1): 171/574 kB
2023.09.17 19:32:43 INFO  Progress (1): 176/574 kB
2023.09.17 19:32:43 INFO  Progress (1): 180/574 kB
2023.09.17 19:32:43 INFO  Progress (1): 184/574 kB
2023.09.17 19:32:43 INFO  Progress (1): 188/574 kB
2023.09.17 19:32:43 INFO  Progress (1): 192/574 kB
2023.09.17 19:32:43 INFO  Progress (1): 196/574 kB
2023.09.17 19:32:43 INFO  Progress (1): 200/574 kB
2023.09.17 19:32:43 INFO  Progress (1): 204/574 kB
2023.09.17 19:32:43 INFO  Progress (1): 208/574 kB
2023.09.17 19:32:43 INFO  Progress (1): 212/574 kB
2023.09.17 19:32:43 INFO  Progress (1): 217/574 kB
2023.09.17 19:32:43 INFO  Progress (1): 221/574 kB
2023.09.17 19:32:43 INFO  Progress (1): 225/574 kB
2023.09.17 19:32:43 INFO  Progress (1): 229/574 kB
2023.09.17 19:32:43 INFO  Progress (1): 233/574 kB
2023.09.17 19:32:43 INFO  Progress (1): 237/574 kB
2023.09.17 19:32:43 INFO  Progress (1): 241/574 kB
2023.09.17 19:32:43 INFO  Progress (1): 245/574 kB
2023.09.17 19:32:43 INFO  Progress (1): 249/574 kB
2023.09.17 19:32:43 INFO  Progress (1): 253/574 kB
2023.09.17 19:32:43 INFO  Progress (1): 257/574 kB
2023.09.17 19:32:43 INFO  Progress (1): 262/574 kB
2023.09.17 19:32:43 INFO  Progress (1): 266/574 kB
2023.09.17 19:32:43 INFO  Progress (1): 270/574 kB
2023.09.17 19:32:43 INFO  Progress (1): 274/574 kB
2023.09.17 19:32:43 INFO  Progress (1): 278/574 kB
2023.09.17 19:32:43 INFO  Progress (1): 282/574 kB
2023.09.17 19:32:43 INFO  Progress (1): 286/574 kB
2023.09.17 19:32:43 INFO  Progress (1): 290/574 kB
2023.09.17 19:32:43 INFO  Progress (1): 294/574 kB
2023.09.17 19:32:43 INFO  Progress (1): 298/574 kB
2023.09.17 19:32:43 INFO  Progress (1): 303/574 kB
2023.09.17 19:32:43 INFO  Progress (1): 307/574 kB
2023.09.17 19:32:43 INFO  Progress (1): 311/574 kB
2023.09.17 19:32:43 INFO  Progress (1): 315/574 kB
2023.09.17 19:32:43 INFO  Progress (1): 319/574 kB
2023.09.17 19:32:43 INFO  Progress (1): 323/574 kB
2023.09.17 19:32:43 INFO  Progress (1): 327/574 kB
2023.09.17 19:32:43 INFO  Progress (1): 331/574 kB
2023.09.17 19:32:43 INFO  Progress (1): 335/574 kB
2023.09.17 19:32:43 INFO  Progress (1): 339/574 kB
2023.09.17 19:32:43 INFO  Progress (1): 343/574 kB
2023.09.17 19:32:43 INFO  Progress (1): 348/574 kB
2023.09.17 19:32:43 INFO  Progress (1): 352/574 kB
2023.09.17 19:32:43 INFO  Progress (1): 356/574 kB
2023.09.17 19:32:43 INFO  Progress (1): 360/574 kB
2023.09.17 19:32:43 INFO  Progress (1): 364/574 kB
2023.09.17 19:32:43 INFO  Progress (1): 368/574 kB
2023.09.17 19:32:43 INFO  Progress (1): 372/574 kB
2023.09.17 19:32:43 INFO  Progress (1): 376/574 kB
2023.09.17 19:32:43 INFO  Progress (1): 380/574 kB
2023.09.17 19:32:43 INFO  Progress (1): 384/574 kB
2023.09.17 19:32:43 INFO  Progress (1): 389/574 kB
2023.09.17 19:32:43 INFO  Progress (1): 393/574 kB
2023.09.17 19:32:43 INFO  Progress (1): 397/574 kB
2023.09.17 19:32:43 INFO  Progress (1): 401/574 kB
2023.09.17 19:32:43 INFO  Progress (1): 405/574 kB
2023.09.17 19:32:43 INFO  Progress (1): 409/574 kB
2023.09.17 19:32:43 INFO  Progress (1): 413/574 kB
2023.09.17 19:32:43 INFO  Progress (1): 417/574 kB
2023.09.17 19:32:43 INFO  Progress (1): 421/574 kB
2023.09.17 19:32:43 INFO  Progress (1): 425/574 kB
2023.09.17 19:32:43 INFO  Progress (1): 430/574 kB
2023.09.17 19:32:43 INFO  Progress (1): 434/574 kB
2023.09.17 19:32:43 INFO  Progress (1): 438/574 kB
2023.09.17 19:32:43 INFO  Progress (1): 442/574 kB
2023.09.17 19:32:43 INFO  Progress (1): 446/574 kB
2023.09.17 19:32:43 INFO  Progress (1): 450/574 kB
2023.09.17 19:32:43 INFO  Progress (1): 454/574 kB
2023.09.17 19:32:43 INFO  Progress (1): 458/574 kB
2023.09.17 19:32:43 INFO  Progress (1): 462/574 kB
2023.09.17 19:32:43 INFO  Progress (1): 466/574 kB
2023.09.17 19:32:43 INFO  Progress (1): 470/574 kB
2023.09.17 19:32:43 INFO  Progress (1): 475/574 kB
2023.09.17 19:32:43 INFO  Progress (1): 479/574 kB
2023.09.17 19:32:43 INFO  Progress (1): 483/574 kB
2023.09.17 19:32:43 INFO  Progress (1): 487/574 kB
2023.09.17 19:32:43 INFO  Progress (1): 491/574 kB
2023.09.17 19:32:43 INFO  Progress (1): 495/574 kB
2023.09.17 19:32:43 INFO  Progress (1): 499/574 kB
2023.09.17 19:32:43 INFO  Progress (1): 503/574 kB
2023.09.17 19:32:43 INFO  Progress (1): 507/574 kB
2023.09.17 19:32:43 INFO  Progress (1): 511/574 kB
2023.09.17 19:32:43 INFO  Progress (1): 516/574 kB
2023.09.17 19:32:43 INFO  Progress (1): 520/574 kB
2023.09.17 19:32:43 INFO  Progress (1): 524/574 kB
2023.09.17 19:32:43 INFO  Progress (1): 528/574 kB
2023.09.17 19:32:43 INFO  Progress (1): 532/574 kB
2023.09.17 19:32:43 INFO  Progress (1): 536/574 kB
2023.09.17 19:32:43 INFO  Progress (1): 540/574 kB
2023.09.17 19:32:43 INFO  Progress (1): 544/574 kB
2023.09.17 19:32:43 INFO  Progress (1): 548/574 kB
2023.09.17 19:32:43 INFO  Progress (1): 552/574 kB
2023.09.17 19:32:43 INFO  Progress (1): 556/574 kB
2023.09.17 19:32:43 INFO  Progress (1): 561/574 kB
2023.09.17 19:32:43 INFO  Progress (1): 565/574 kB
2023.09.17 19:32:43 INFO  Progress (1): 569/574 kB
2023.09.17 19:32:43 INFO  Progress (1): 573/574 kB
2023.09.17 19:32:43 INFO  Progress (1): 574 kB    
2023.09.17 19:32:43 INFO                      
2023.09.17 19:32:43 INFO  Downloaded from central: https://repo.maven.apache.org/maven2/org/openjfx/javafx-base/17.0.2/javafx-base-17.0.2-sources.jar (574 kB at 566 kB/s)
2023.09.17 19:32:43 INFO  [INFO] SUCCESS: org.openjfx:javafx-base:jar:win:17.0.2:compile (sources = true)
2023.09.17 19:32:43 INFO  [INFO] Resolving artifact: org.openjfx:javafx-base:jar:17.0.2:compile (sources = false)
2023.09.17 19:32:43 INFO  [INFO] SUCCESS: org.openjfx:javafx-base:jar:17.0.2:compile (sources = false)
2023.09.17 19:32:43 INFO  [INFO] Resolving artifact: org.openjfx:javafx-base:jar:17.0.2:compile (sources = true)
2023.09.17 19:32:43 INFO  [INFO] SUCCESS: org.openjfx:javafx-base:jar:17.0.2:compile (sources = true)
2023.09.17 19:32:43 INFO  [INFO] Resolving artifact: org.opentest4j:opentest4j:jar:1.2.0:test (sources = false)
2023.09.17 19:32:43 INFO  [INFO] SUCCESS: org.opentest4j:opentest4j:jar:1.2.0:test (sources = false)
2023.09.17 19:32:43 INFO  [INFO] Resolving artifact: org.opentest4j:opentest4j:jar:1.2.0:test (sources = true)
2023.09.17 19:32:43 INFO  [INFO] SUCCESS: org.opentest4j:opentest4j:jar:1.2.0:test (sources = true)
2023.09.17 19:32:43 INFO  [INFO] Resolving artifact: org.junit.jupiter:junit-jupiter-engine:jar:5.9.1:test (sources = false)
2023.09.17 19:32:43 INFO  [INFO] SUCCESS: org.junit.jupiter:junit-jupiter-engine:jar:5.9.1:test (sources = false)
2023.09.17 19:32:43 INFO  [INFO] Resolving artifact: org.junit.jupiter:junit-jupiter-engine:jar:5.9.1:test (sources = true)
2023.09.17 19:32:43 INFO  Downloading from central: https://repo.maven.apache.org/maven2/org/junit/jupiter/junit-jupiter-engine/5.9.1/junit-jupiter-engine-5.9.1-sources.jar
2023.09.17 19:32:43 INFO  Progress (1): 4.1/131 kB
2023.09.17 19:32:43 INFO  Progress (1): 8.2/131 kB
2023.09.17 19:32:43 INFO  Progress (1): 12/131 kB 
2023.09.17 19:32:43 INFO  Progress (1): 16/131 kB
2023.09.17 19:32:43 INFO  Progress (1): 20/131 kB
2023.09.17 19:32:43 INFO  Progress (1): 24/131 kB
2023.09.17 19:32:43 INFO  Progress (1): 28/131 kB
2023.09.17 19:32:43 INFO  Progress (1): 32/131 kB
2023.09.17 19:32:43 INFO  Progress (1): 36/131 kB
2023.09.17 19:32:43 INFO  Progress (1): 40/131 kB
2023.09.17 19:32:43 INFO  Progress (1): 44/131 kB
2023.09.17 19:32:43 INFO  Progress (1): 49/131 kB
2023.09.17 19:32:43 INFO  Progress (1): 53/131 kB
2023.09.17 19:32:43 INFO  Progress (1): 57/131 kB
2023.09.17 19:32:43 INFO  Progress (1): 61/131 kB
2023.09.17 19:32:43 INFO  Progress (1): 65/131 kB
2023.09.17 19:32:43 INFO  Progress (1): 69/131 kB
2023.09.17 19:32:43 INFO  Progress (1): 73/131 kB
2023.09.17 19:32:43 INFO  Progress (1): 77/131 kB
2023.09.17 19:32:43 INFO  Progress (1): 81/131 kB
2023.09.17 19:32:43 INFO  Progress (1): 85/131 kB
2023.09.17 19:32:43 INFO  Progress (1): 90/131 kB
2023.09.17 19:32:43 INFO  Progress (1): 94/131 kB
2023.09.17 19:32:43 INFO  Progress (1): 98/131 kB
2023.09.17 19:32:43 INFO  Progress (1): 102/131 kB
2023.09.17 19:32:43 INFO  Progress (1): 106/131 kB
2023.09.17 19:32:43 INFO  Progress (1): 110/131 kB
2023.09.17 19:32:43 INFO  Progress (1): 114/131 kB
2023.09.17 19:32:44 INFO  Progress (1): 118/131 kB
2023.09.17 19:32:44 INFO  Progress (1): 122/131 kB
2023.09.17 19:32:44 INFO  Progress (1): 126/131 kB
2023.09.17 19:32:44 INFO  Progress (1): 131/131 kB
2023.09.17 19:32:44 INFO  Progress (1): 131 kB    
2023.09.17 19:32:44 INFO                      
2023.09.17 19:32:44 INFO  Downloaded from central: https://repo.maven.apache.org/maven2/org/junit/jupiter/junit-jupiter-engine/5.9.1/junit-jupiter-engine-5.9.1-sources.jar (131 kB at 221 kB/s)
2023.09.17 19:32:44 INFO  [INFO] SUCCESS: org.junit.jupiter:junit-jupiter-engine:jar:5.9.1:test (sources = true)
2023.09.17 19:32:44 INFO  [INFO] Resolving artifact: org.openjfx:javafx-graphics:jar:17.0.2:compile (sources = false)
2023.09.17 19:32:44 INFO  [INFO] SUCCESS: org.openjfx:javafx-graphics:jar:17.0.2:compile (sources = false)
2023.09.17 19:32:44 INFO  [INFO] Resolving artifact: org.openjfx:javafx-graphics:jar:17.0.2:compile (sources = true)
2023.09.17 19:32:44 INFO  [INFO] SUCCESS: org.openjfx:javafx-graphics:jar:17.0.2:compile (sources = true)
2023.09.17 19:32:44 INFO  [INFO] Resolving artifact: org.openjfx:javafx-fxml:jar:win:17.0.2:compile (sources = false)
2023.09.17 19:32:44 INFO  [INFO] SUCCESS: org.openjfx:javafx-fxml:jar:win:17.0.2:compile (sources = false)
2023.09.17 19:32:44 INFO  [INFO] Resolving artifact: org.openjfx:javafx-fxml:jar:win:17.0.2:compile (sources = true)
2023.09.17 19:32:44 INFO  [INFO] SUCCESS: org.openjfx:javafx-fxml:jar:win:17.0.2:compile (sources = true)
2023.09.17 19:32:44 INFO  [INFO] Resolving artifact: org.junit.jupiter:junit-jupiter-api:jar:5.9.1:test (sources = false)
2023.09.17 19:32:44 INFO  [INFO] SUCCESS: org.junit.jupiter:junit-jupiter-api:jar:5.9.1:test (sources = false)
2023.09.17 19:32:44 INFO  [INFO] Resolving artifact: org.junit.jupiter:junit-jupiter-api:jar:5.9.1:test (sources = true)
2023.09.17 19:32:44 INFO  Downloading from central: https://repo.maven.apache.org/maven2/org/junit/jupiter/junit-jupiter-api/5.9.1/junit-jupiter-api-5.9.1-sources.jar
2023.09.17 19:32:44 INFO  Progress (1): 4.1/203 kB
2023.09.17 19:32:44 INFO  Progress (1): 8.2/203 kB
2023.09.17 19:32:44 INFO  Progress (1): 12/203 kB 
2023.09.17 19:32:44 INFO  Progress (1): 16/203 kB
2023.09.17 19:32:44 INFO  Progress (1): 20/203 kB
2023.09.17 19:32:44 INFO  Progress (1): 25/203 kB
2023.09.17 19:32:44 INFO  Progress (1): 29/203 kB
2023.09.17 19:32:44 INFO  Progress (1): 33/203 kB
2023.09.17 19:32:44 INFO  Progress (1): 37/203 kB
2023.09.17 19:32:44 INFO  Progress (1): 41/203 kB
2023.09.17 19:32:44 INFO  Progress (1): 45/203 kB
2023.09.17 19:32:44 INFO  Progress (1): 49/203 kB
2023.09.17 19:32:44 INFO  Progress (1): 53/203 kB
2023.09.17 19:32:44 INFO  Progress (1): 57/203 kB
2023.09.17 19:32:44 INFO  Progress (1): 61/203 kB
2023.09.17 19:32:44 INFO  Progress (1): 66/203 kB
2023.09.17 19:32:44 INFO  Progress (1): 70/203 kB
2023.09.17 19:32:44 INFO  Progress (1): 74/203 kB
2023.09.17 19:32:44 INFO  Progress (1): 78/203 kB
2023.09.17 19:32:44 INFO  Progress (1): 82/203 kB
2023.09.17 19:32:44 INFO  Progress (1): 86/203 kB
2023.09.17 19:32:44 INFO  Progress (1): 90/203 kB
2023.09.17 19:32:44 INFO  Progress (1): 94/203 kB
2023.09.17 19:32:44 INFO  Progress (1): 98/203 kB
2023.09.17 19:32:44 INFO  Progress (1): 102/203 kB
2023.09.17 19:32:44 INFO  Progress (1): 106/203 kB
2023.09.17 19:32:44 INFO  Progress (1): 111/203 kB
2023.09.17 19:32:44 INFO  Progress (1): 115/203 kB
2023.09.17 19:32:44 INFO  Progress (1): 119/203 kB
2023.09.17 19:32:44 INFO  Progress (1): 123/203 kB
2023.09.17 19:32:44 INFO  Progress (1): 127/203 kB
2023.09.17 19:32:44 INFO  Progress (1): 131/203 kB
2023.09.17 19:32:44 INFO  Progress (1): 135/203 kB
2023.09.17 19:32:44 INFO  Progress (1): 139/203 kB
2023.09.17 19:32:44 INFO  Progress (1): 143/203 kB
2023.09.17 19:32:44 INFO  Progress (1): 147/203 kB
2023.09.17 19:32:44 INFO  Progress (1): 152/203 kB
2023.09.17 19:32:44 INFO  Progress (1): 156/203 kB
2023.09.17 19:32:44 INFO  Progress (1): 160/203 kB
2023.09.17 19:32:44 INFO  Progress (1): 164/203 kB
2023.09.17 19:32:44 INFO  Progress (1): 168/203 kB
2023.09.17 19:32:44 INFO  Progress (1): 172/203 kB
2023.09.17 19:32:44 INFO  Progress (1): 176/203 kB
2023.09.17 19:32:44 INFO  Progress (1): 180/203 kB
2023.09.17 19:32:44 INFO  Progress (1): 184/203 kB
2023.09.17 19:32:44 INFO  Progress (1): 188/203 kB
2023.09.17 19:32:44 INFO  Progress (1): 193/203 kB
2023.09.17 19:32:44 INFO  Progress (1): 197/203 kB
2023.09.17 19:32:44 INFO  Progress (1): 201/203 kB
2023.09.17 19:32:44 INFO  Progress (1): 203 kB    
2023.09.17 19:32:44 INFO                      
2023.09.17 19:32:44 INFO  Downloaded from central: https://repo.maven.apache.org/maven2/org/junit/jupiter/junit-jupiter-api/5.9.1/junit-jupiter-api-5.9.1-sources.jar (203 kB at 513 kB/s)
2023.09.17 19:32:44 INFO  [INFO] SUCCESS: org.junit.jupiter:junit-jupiter-api:jar:5.9.1:test (sources = true)
2023.09.17 19:32:44 INFO  [INFO] Generated .bloop\PassMan.json
2023.09.17 19:32:44 INFO  [INFO] Resolving artifact: org.openjfx:javafx-graphics:jar:win:17.0.2:compile (sources = false)
2023.09.17 19:32:44 INFO  [INFO] SUCCESS: org.openjfx:javafx-graphics:jar:win:17.0.2:compile (sources = false)
2023.09.17 19:32:44 INFO  [INFO] Resolving artifact: org.openjfx:javafx-graphics:jar:win:17.0.2:compile (sources = true)
2023.09.17 19:32:44 INFO  [INFO] SUCCESS: org.openjfx:javafx-graphics:jar:win:17.0.2:compile (sources = true)
2023.09.17 19:32:44 INFO  [INFO] Resolving artifact: org.openjfx:javafx-fxml:jar:17.0.2:compile (sources = false)
2023.09.17 19:32:44 INFO  [INFO] SUCCESS: org.openjfx:javafx-fxml:jar:17.0.2:compile (sources = false)
2023.09.17 19:32:44 INFO  [INFO] Resolving artifact: org.openjfx:javafx-fxml:jar:17.0.2:compile (sources = true)
2023.09.17 19:32:44 INFO  [INFO] SUCCESS: org.openjfx:javafx-fxml:jar:17.0.2:compile (sources = true)
2023.09.17 19:32:44 INFO  [INFO] Resolving artifact: com.h2database:h2:jar:2.1.214:compile (sources = false)
2023.09.17 19:32:44 INFO  [INFO] SUCCESS: com.h2database:h2:jar:2.1.214:compile (sources = false)
2023.09.17 19:32:44 INFO  [INFO] Resolving artifact: com.h2database:h2:jar:2.1.214:compile (sources = true)
2023.09.17 19:32:44 INFO  [INFO] SUCCESS: com.h2database:h2:jar:2.1.214:compile (sources = true)
2023.09.17 19:32:44 INFO  [INFO] Resolving artifact: org.junit.platform:junit-platform-commons:jar:1.9.1:test (sources = false)
2023.09.17 19:32:44 INFO  [INFO] SUCCESS: org.junit.platform:junit-platform-commons:jar:1.9.1:test (sources = false)
2023.09.17 19:32:44 INFO  [INFO] Resolving artifact: org.junit.platform:junit-platform-commons:jar:1.9.1:test (sources = true)
2023.09.17 19:32:44 INFO  [INFO] SUCCESS: org.junit.platform:junit-platform-commons:jar:1.9.1:test (sources = true)
2023.09.17 19:32:44 INFO  [INFO] Resolving artifact: org.junit.platform:junit-platform-engine:jar:1.9.1:test (sources = false)
2023.09.17 19:32:44 INFO  [INFO] SUCCESS: org.junit.platform:junit-platform-engine:jar:1.9.1:test (sources = false)
2023.09.17 19:32:44 INFO  [INFO] Resolving artifact: org.junit.platform:junit-platform-engine:jar:1.9.1:test (sources = true)
2023.09.17 19:32:44 INFO  [INFO] SUCCESS: org.junit.platform:junit-platform-engine:jar:1.9.1:test (sources = true)
2023.09.17 19:32:44 INFO  [INFO] Resolving artifact: org.apiguardian:apiguardian-api:jar:1.1.2:test (sources = false)
2023.09.17 19:32:44 INFO  [INFO] SUCCESS: org.apiguardian:apiguardian-api:jar:1.1.2:test (sources = false)
2023.09.17 19:32:44 INFO  [INFO] Resolving artifact: org.apiguardian:apiguardian-api:jar:1.1.2:test (sources = true)
2023.09.17 19:32:44 INFO  [INFO] SUCCESS: org.apiguardian:apiguardian-api:jar:1.1.2:test (sources = true)
2023.09.17 19:32:44 INFO  [INFO] Resolving artifact: org.openjfx:javafx-controls:jar:17.0.2:compile (sources = false)
2023.09.17 19:32:44 INFO  [INFO] SUCCESS: org.openjfx:javafx-controls:jar:17.0.2:compile (sources = false)
2023.09.17 19:32:44 INFO  [INFO] Resolving artifact: org.openjfx:javafx-controls:jar:17.0.2:compile (sources = true)
2023.09.17 19:32:44 INFO  [INFO] SUCCESS: org.openjfx:javafx-controls:jar:17.0.2:compile (sources = true)
2023.09.17 19:32:44 INFO  [INFO] Resolving artifact: org.openjfx:javafx-controls:jar:win:17.0.2:compile (sources = false)
2023.09.17 19:32:44 INFO  [INFO] SUCCESS: org.openjfx:javafx-controls:jar:win:17.0.2:compile (sources = false)
2023.09.17 19:32:44 INFO  [INFO] Resolving artifact: org.openjfx:javafx-controls:jar:win:17.0.2:compile (sources = true)
2023.09.17 19:32:44 INFO  [INFO] SUCCESS: org.openjfx:javafx-controls:jar:win:17.0.2:compile (sources = true)
2023.09.17 19:32:44 INFO  [INFO] Resolving artifact: org.openjfx:javafx-base:jar:win:17.0.2:compile (sources = false)
2023.09.17 19:32:44 INFO  [INFO] SUCCESS: org.openjfx:javafx-base:jar:win:17.0.2:compile (sources = false)
2023.09.17 19:32:44 INFO  [INFO] Resolving artifact: org.openjfx:javafx-base:jar:win:17.0.2:compile (sources = true)
2023.09.17 19:32:44 INFO  [INFO] SUCCESS: org.openjfx:javafx-base:jar:win:17.0.2:compile (sources = true)
2023.09.17 19:32:44 INFO  [INFO] Resolving artifact: org.openjfx:javafx-base:jar:17.0.2:compile (sources = false)
2023.09.17 19:32:46 INFO  [INFO] SUCCESS: org.openjfx:javafx-base:jar:17.0.2:compile (sources = false)
2023.09.17 19:32:46 INFO  [INFO] Resolving artifact: org.openjfx:javafx-base:jar:17.0.2:compile (sources = true)
2023.09.17 19:32:46 INFO  [INFO] SUCCESS: org.openjfx:javafx-base:jar:17.0.2:compile (sources = true)
2023.09.17 19:32:46 INFO  [INFO] Resolving artifact: org.opentest4j:opentest4j:jar:1.2.0:test (sources = false)
2023.09.17 19:32:46 INFO  [INFO] SUCCESS: org.opentest4j:opentest4j:jar:1.2.0:test (sources = false)
2023.09.17 19:32:46 INFO  [INFO] Resolving artifact: org.opentest4j:opentest4j:jar:1.2.0:test (sources = true)
2023.09.17 19:32:46 INFO  [INFO] SUCCESS: org.opentest4j:opentest4j:jar:1.2.0:test (sources = true)
2023.09.17 19:32:46 INFO  [INFO] Resolving artifact: org.junit.jupiter:junit-jupiter-engine:jar:5.9.1:test (sources = false)
2023.09.17 19:32:46 INFO  [INFO] SUCCESS: org.junit.jupiter:junit-jupiter-engine:jar:5.9.1:test (sources = false)
2023.09.17 19:32:46 INFO  [INFO] Resolving artifact: org.junit.jupiter:junit-jupiter-engine:jar:5.9.1:test (sources = true)
2023.09.17 19:32:46 INFO  [INFO] SUCCESS: org.junit.jupiter:junit-jupiter-engine:jar:5.9.1:test (sources = true)
2023.09.17 19:32:46 INFO  [INFO] Resolving artifact: org.openjfx:javafx-graphics:jar:17.0.2:compile (sources = false)
2023.09.17 19:32:46 INFO  [INFO] SUCCESS: org.openjfx:javafx-graphics:jar:17.0.2:compile (sources = false)
2023.09.17 19:32:46 INFO  [INFO] Resolving artifact: org.openjfx:javafx-graphics:jar:17.0.2:compile (sources = true)
2023.09.17 19:32:46 INFO  [INFO] SUCCESS: org.openjfx:javafx-graphics:jar:17.0.2:compile (sources = true)
2023.09.17 19:32:46 INFO  [INFO] Resolving artifact: org.openjfx:javafx-fxml:jar:win:17.0.2:compile (sources = false)
2023.09.17 19:32:46 INFO  [INFO] SUCCESS: org.openjfx:javafx-fxml:jar:win:17.0.2:compile (sources = false)
2023.09.17 19:32:46 INFO  [INFO] Resolving artifact: org.openjfx:javafx-fxml:jar:win:17.0.2:compile (sources = true)
2023.09.17 19:32:46 INFO  [INFO] SUCCESS: org.openjfx:javafx-fxml:jar:win:17.0.2:compile (sources = true)
2023.09.17 19:32:46 INFO  [INFO] Resolving artifact: org.junit.jupiter:junit-jupiter-api:jar:5.9.1:test (sources = false)
2023.09.17 19:32:46 INFO  [INFO] SUCCESS: org.junit.jupiter:junit-jupiter-api:jar:5.9.1:test (sources = false)
2023.09.17 19:32:46 INFO  [INFO] Resolving artifact: org.junit.jupiter:junit-jupiter-api:jar:5.9.1:test (sources = true)
2023.09.17 19:32:46 INFO  [INFO] SUCCESS: org.junit.jupiter:junit-jupiter-api:jar:5.9.1:test (sources = true)
2023.09.17 19:32:46 INFO  [INFO] Generated .bloop\PassMan-test.json
2023.09.17 19:32:46 INFO  [INFO] ------------------------------------------------------------------------
2023.09.17 19:32:46 INFO  [INFO] BUILD SUCCESS
2023.09.17 19:32:46 INFO  [INFO] ------------------------------------------------------------------------
2023.09.17 19:32:46 INFO  [INFO] Total time:  44.146 s
2023.09.17 19:32:46 INFO  [INFO] Finished at: 2023-09-17T19:32:46+05:30
2023.09.17 19:32:46 INFO  [INFO] ------------------------------------------------------------------------
2023.09.17 19:32:46 INFO  time: ran 'mvn bloopInstall' in 51s
2023.09.17 19:32:46 INFO  Attempting to connect to the build server...
2023.09.17 19:32:46 INFO  Bloop uses C:\Program Files\Java\jdk-17.0.1 defined at C:\Users\hesha\.bloop\bloop.json
2023.09.17 19:33:20 ERROR Starting the bsp launcher for bloop...
2023.09.17 19:33:20 ERROR Opening a bsp server connection with 'bsp --protocol tcp --port 22796'...
2023.09.17 19:33:20 ERROR Waiting for the bsp connection to come up...
2023.09.17 19:33:20 ERROR Waiting for the bsp connection to come up...
2023.09.17 19:33:20 ERROR Waiting for the bsp connection to come up...
2023.09.17 19:33:20 ERROR Waiting for the bsp connection to come up...
2023.09.17 19:33:20 ERROR Waiting for the bsp connection to come up...
2023.09.17 19:33:20 ERROR Waiting for the bsp connection to come up...
2023.09.17 19:33:20 ERROR Waiting for the bsp connection to come up...
2023.09.17 19:33:20 ERROR Waiting for the bsp connection to come up...
2023.09.17 19:33:20 ERROR Waiting for the bsp connection to come up...
2023.09.17 19:33:20 ERROR Waiting for the bsp connection to come up...
2023.09.17 19:33:20 ERROR Waiting for the bsp connection to come up...
2023.09.17 19:33:20 ERROR Waiting for the bsp connection to come up...
2023.09.17 19:33:20 ERROR Waiting for the bsp connection to come up...
2023.09.17 19:33:20 ERROR Waiting for the bsp connection to come up...
2023.09.17 19:33:20 ERROR Waiting for the bsp connection to come up...
2023.09.17 19:33:20 ERROR Waiting for the bsp connection to come up...
2023.09.17 19:33:20 ERROR Waiting for the bsp connection to come up...
2023.09.17 19:33:20 ERROR Waiting for the bsp connection to come up...
2023.09.17 19:33:20 ERROR Waiting for the bsp connection to come up...
2023.09.17 19:33:20 ERROR Waiting for the bsp connection to come up...
2023.09.17 19:33:20 ERROR Waiting for the bsp connection to come up...
2023.09.17 19:33:20 ERROR Waiting for the bsp connection to come up...
2023.09.17 19:33:20 ERROR Waiting for the bsp connection to come up...
2023.09.17 19:33:20 ERROR Waiting for the bsp connection to come up...
2023.09.17 19:33:20 ERROR Waiting for the bsp connection to come up...
2023.09.17 19:33:20 ERROR Waiting for the bsp connection to come up...
2023.09.17 19:33:20 ERROR Waiting for the bsp connection to come up...
2023.09.17 19:33:20 ERROR Waiting for the bsp connection to come up...
2023.09.17 19:33:20 ERROR Waiting for the bsp connection to come up...
2023.09.17 19:33:20 ERROR Waiting for the bsp connection to come up...
2023.09.17 19:33:20 ERROR Waiting for the bsp connection to come up...
2023.09.17 19:33:20 ERROR error: Giving up on waiting for a connection, printing embedded bloop logs:
2023.09.17 19:33:20 ERROR > No server running at 127.0.0.1:8212, let's fire one...
2023.09.17 19:33:20 ERROR > Resolving ch.epfl.scala:bloop-frontend_2.12:1.5.8...
2023.09.17 19:33:20 ERROR error: The launcher failed to establish a bsp connection, aborting...
2023.09.17 19:33:20 ERROR Failed to connect with build server, no functionality will work.
java.lang.RuntimeException: The server did not start, got FailedToOpenBspConnection
	at bloop.launcher.LauncherMain.failPromise$1(Launcher.scala:92)
	at bloop.launcher.LauncherMain.runLauncher(Launcher.scala:119)
	at scala.meta.internal.metals.BloopServers$$anon$2.run(BloopServers.scala:496)
	at java.util.concurrent.Executors$RunnableAdapter.call(Executors.java:539)
	at java.util.concurrent.FutureTask.run(FutureTask.java:264)
	at java.util.concurrent.ThreadPoolExecutor.runWorker(ThreadPoolExecutor.java:1136)
	at java.util.concurrent.ThreadPoolExecutor$Worker.run(ThreadPoolExecutor.java:635)
	at java.lang.Thread.run(Thread.java:833)

2023.09.17 19:46:27 INFO  no build target found for E:\Coding\Java\JavaFx\PassMan\src\main\java\com\heshanthenura\passman\MainApplication.java. Using presentation compiler with project's scala-library version: 3.3.0
Sep 17, 2023 7:46:32 PM scala.meta.internal.pc.CompilerAccess handleError
SEVERE: A severe compiler error occurred, full details of the error can be found in the error report E:\Coding\Java\JavaFx\PassMan\.metals\.reports\metals-full\r_compiler-error_1694960192781
2023.09.17 19:51:49 INFO  Shutting down server
2023.09.17 19:51:49 INFO  shutting down Metals
2023.09.17 19:51:49 INFO  Exiting server
2023.09.19 16:43:26 INFO  Started: Metals version 1.0.1 in folders 'E:\Coding\Java\JavaFx\PassMan' for client Visual Studio Code 1.75.1.
Sep 19, 2023 4:43:26 PM org.flywaydb.core.internal.license.VersionPrinter printVersionOnly
INFO: Flyway Community Edition 9.21.2 by Redgate
Sep 19, 2023 4:43:26 PM org.flywaydb.core.internal.license.VersionPrinter printVersion
INFO: See release notes here: https://rd.gt/416ObMi
Sep 19, 2023 4:43:26 PM org.flywaydb.core.internal.license.VersionPrinter printVersion
INFO: 
Sep 19, 2023 4:43:28 PM org.flywaydb.core.FlywayExecutor execute
INFO: Database: jdbc:h2:file:E:\Coding\Java\JavaFx\PassMan\.metals\metals (H2 2.1)
Sep 19, 2023 4:43:28 PM org.flywaydb.core.internal.command.DbValidate validate
INFO: Successfully validated 4 migrations (execution time 00:00.099s)
Sep 19, 2023 4:43:28 PM org.flywaydb.core.internal.command.DbMigrate migrateGroup
INFO: Current version of schema "PUBLIC": 4
Sep 19, 2023 4:43:28 PM org.flywaydb.core.internal.command.DbMigrate logSummary
INFO: Schema "PUBLIC" is up to date. No migration necessary.
2023.09.19 16:43:28 INFO  time: initialize in 2.65s
2023.09.19 16:43:36 INFO  Attempting to connect to the build server...
Sep 19, 2023 4:43:36 PM org.eclipse.lsp4j.jsonrpc.RemoteEndpoint handleCancellation
WARNING: Unmatched cancel notification for request id 2
Sep 19, 2023 4:43:36 PM org.eclipse.lsp4j.jsonrpc.RemoteEndpoint handleCancellation
WARNING: Unmatched cancel notification for request id 1
2023.09.19 16:43:36 INFO  Bloop uses C:\Program Files\Java\jdk-17.0.1 defined at C:\Users\hesha\.bloop\bloop.json
2023.09.19 16:43:37 INFO  skipping build import with status 'Installed'
2023.09.19 16:43:42 INFO  time: code lens generation in 5.49s
2023.09.19 16:44:08 INFO  tracing is disabled for protocol BSP, to enable tracing of incoming and outgoing JSON messages create an empty file at E:\Coding\Java\JavaFx\PassMan\.metals\bsp.trace.json or C:\Users\hesha\AppData\Local\scalameta\metals\cache\bsp.trace.json
2023.09.19 16:44:11 INFO  time: Connected to build server in 35s
2023.09.19 16:44:11 INFO  Connected to Build server: Bloop v1.5.8
2023.09.19 16:44:12 INFO  no build target found for E:\Coding\Java\JavaFx\PassMan\src\main\java\com\heshanthenura\passman\MainApplication.java. Using presentation compiler with project's scala-library version: 3.3.0
2023.09.19 16:44:15 INFO  time: Imported build in 0.48s
2023.09.19 16:44:19 INFO  time: indexed workspace in 4.8s
2023.09.19 16:44:23 INFO  compiling passman (11 java sources)
2023.09.19 16:44:27 WARN  javac exited with exit code 1
2023.09.19 16:44:27 INFO  time: compiled PassMan in 4.32s
2023.09.19 16:44:27 INFO  compiling passman (11 java sources)
2023.09.19 16:44:30 WARN  javac exited with exit code 1
2023.09.19 16:44:30 INFO  time: compiled PassMan in 1.91s
2023.09.19 17:08:45 INFO  Shutting down server
2023.09.19 17:08:45 INFO  shutting down Metals
2023.09.19 17:08:45 INFO  Shut down connection with build server.
2023.09.19 17:08:45 INFO  Exiting server
